Started by an SCM change
Building in workspace /var/jenkins_home/workspace/BuildTest
using credential c36ebc64-c2a9-4070-b98f-8ee152d3afeb
 > git rev-parse --is-inside-work-tree # timeout=10
Fetching changes from the remote Git repository
 > git config remote.origin.url https://github.com/darian-beluzzo/mister-burguer.git # timeout=10
Fetching upstream changes from https://github.com/darian-beluzzo/mister-burguer.git
 > git --version # timeout=10
using GIT_ASKPASS to set credentials 
 > git fetch --tags --progress https://github.com/darian-beluzzo/mister-burguer.git +refs/heads/*:refs/remotes/origin/*
 > git rev-parse refs/remotes/origin/master^{commit} # timeout=10
 > git rev-parse refs/remotes/origin/origin/master^{commit} # timeout=10
Checking out Revision a6e0e06103fd95ab1df706c0a144044a8683f247 (refs/remotes/origin/master)
 > git config core.sparsecheckout # timeout=10
 > git checkout -f a6e0e06103fd95ab1df706c0a144044a8683f247
Commit message: "Update README.md"
 > git rev-list --no-walk 20428b36cb8cf94b937e921a65bc9eb1301c109b # timeout=10
[BuildTest] $ /bin/sh -xe /tmp/jenkins3029316611503280611.sh
+ cd api
+ mvn test
[INFO] Scanning for projects...
[INFO]                                                                         
[INFO] ------------------------------------------------------------------------
[INFO] Building misterburguer 0.0.1-SNAPSHOT
[INFO] ------------------------------------------------------------------------
[INFO] 
[INFO] --- maven-resources-plugin:3.1.0:resources (default-resources) @ misterburguer ---
[INFO] Using 'UTF-8' encoding to copy filtered resources.
[INFO] Copying 1 resource
[INFO] Copying 2 resources
[INFO] 
[INFO] --- maven-compiler-plugin:3.8.0:compile (default-compile) @ misterburguer ---
[INFO] Nothing to compile - all classes are up to date
[INFO] 
[INFO] --- maven-resources-plugin:3.1.0:testResources (default-testResources) @ misterburguer ---
[INFO] Using 'UTF-8' encoding to copy filtered resources.
[INFO] Copying 2 resources
[INFO] 
[INFO] --- maven-compiler-plugin:3.8.0:testCompile (default-testCompile) @ misterburguer ---
[INFO] Nothing to compile - all classes are up to date
[INFO] 
[INFO] --- maven-surefire-plugin:2.22.1:test (default-test) @ misterburguer ---
[INFO] 
[INFO] -------------------------------------------------------
[INFO]  T E S T S
[INFO] -------------------------------------------------------
[INFO] Running com.misterburguer.MisterburguerApplicationTest
13:28:14.082 [main] DEBUG org.springframework.test.context.junit4.SpringJUnit4ClassRunner - SpringJUnit4ClassRunner constructor called with [class com.misterburguer.MisterburguerApplicationTest]
13:28:14.086 [main] DEBUG org.springframework.test.context.BootstrapUtils - Instantiating CacheAwareContextLoaderDelegate from class [org.springframework.test.context.cache.DefaultCacheAwareContextLoaderDelegate]
13:28:14.093 [main] DEBUG org.springframework.test.context.BootstrapUtils - Instantiating BootstrapContext using constructor [public org.springframework.test.context.support.DefaultBootstrapContext(java.lang.Class,org.springframework.test.context.CacheAwareContextLoaderDelegate)]
13:28:14.113 [main] DEBUG org.springframework.test.context.BootstrapUtils - Instantiating TestContextBootstrapper for test class [com.misterburguer.MisterburguerApplicationTest] from class [org.springframework.boot.test.context.SpringBootTestContextBootstrapper]
13:28:14.125 [main] INFO org.springframework.boot.test.context.SpringBootTestContextBootstrapper - Neither @ContextConfiguration nor @ContextHierarchy found for test class [com.misterburguer.MisterburguerApplicationTest], using SpringBootContextLoader
13:28:14.128 [main] DEBUG org.springframework.test.context.support.AbstractContextLoader - Did not detect default resource location for test class [com.misterburguer.MisterburguerApplicationTest]: class path resource [com/misterburguer/MisterburguerApplicationTest-context.xml] does not exist
13:28:14.128 [main] DEBUG org.springframework.test.context.support.AbstractContextLoader - Did not detect default resource location for test class [com.misterburguer.MisterburguerApplicationTest]: class path resource [com/misterburguer/MisterburguerApplicationTestContext.groovy] does not exist
13:28:14.129 [main] INFO org.springframework.test.context.support.AbstractContextLoader - Could not detect default resource locations for test class [com.misterburguer.MisterburguerApplicationTest]: no resource found for suffixes {-context.xml, Context.groovy}.
13:28:14.129 [main] INFO org.springframework.test.context.support.AnnotationConfigContextLoaderUtils - Could not detect default configuration classes for test class [com.misterburguer.MisterburguerApplicationTest]: MisterburguerApplicationTest does not declare any static, non-private, non-final, nested classes annotated with @Configuration.
13:28:14.166 [main] DEBUG org.springframework.test.context.support.ActiveProfilesUtils - Could not find an 'annotation declaring class' for annotation type [org.springframework.test.context.ActiveProfiles] and class [com.misterburguer.MisterburguerApplicationTest]
13:28:14.240 [main] DEBUG org.springframework.context.annotation.ClassPathScanningCandidateComponentProvider - Identified candidate component class: file [/var/jenkins_home/workspace/BuildTest/api/target/classes/com/misterburguer/MisterburguerApplication.class]
13:28:14.243 [main] INFO org.springframework.boot.test.context.SpringBootTestContextBootstrapper - Found @SpringBootConfiguration com.misterburguer.MisterburguerApplication for test class com.misterburguer.MisterburguerApplicationTest
13:28:14.317 [main] DEBUG org.springframework.boot.test.context.SpringBootTestContextBootstrapper - @TestExecutionListeners is not present for class [com.misterburguer.MisterburguerApplicationTest]: using defaults.
13:28:14.317 [main] INFO org.springframework.boot.test.context.SpringBootTestContextBootstrapper - Loaded default TestExecutionListener class names from location [META-INF/spring.factories]: [org.springframework.boot.test.mock.mockito.MockitoTestExecutionListener, org.springframework.boot.test.mock.mockito.ResetMocksTestExecutionListener, org.springframework.boot.test.autoconfigure.restdocs.RestDocsTestExecutionListener, org.springframework.boot.test.autoconfigure.web.client.MockRestServiceServerResetTestExecutionListener, org.springframework.boot.test.autoconfigure.web.servlet.MockMvcPrintOnlyOnFailureTestExecutionListener, org.springframework.boot.test.autoconfigure.web.servlet.WebDriverTestExecutionListener, org.springframework.test.context.web.ServletTestExecutionListener, org.springframework.test.context.support.DirtiesContextBeforeModesTestExecutionListener, org.springframework.test.context.support.DependencyInjectionTestExecutionListener, org.springframework.test.context.support.DirtiesContextTestExecutionListener, org.springframework.test.context.transaction.TransactionalTestExecutionListener, org.springframework.test.context.jdbc.SqlScriptsTestExecutionListener]
13:28:14.330 [main] INFO org.springframework.boot.test.context.SpringBootTestContextBootstrapper - Using TestExecutionListeners: [org.springframework.test.context.web.ServletTestExecutionListener@3bb9a3ff, org.springframework.test.context.support.DirtiesContextBeforeModesTestExecutionListener@661972b0, org.springframework.boot.test.mock.mockito.MockitoTestExecutionListener@5af3afd9, org.springframework.boot.test.autoconfigure.SpringBootDependencyInjectionTestExecutionListener@323b36e0, org.springframework.test.context.support.DirtiesContextTestExecutionListener@44ebcd03, org.springframework.test.context.transaction.TransactionalTestExecutionListener@694abbdc, org.springframework.test.context.jdbc.SqlScriptsTestExecutionListener@2e005c4b, org.springframework.boot.test.mock.mockito.ResetMocksTestExecutionListener@4567f35d, org.springframework.boot.test.autoconfigure.restdocs.RestDocsTestExecutionListener@5ffead27, org.springframework.boot.test.autoconfigure.web.client.MockRestServiceServerResetTestExecutionListener@6356695f, org.springframework.boot.test.autoconfigure.web.servlet.MockMvcPrintOnlyOnFailureTestExecutionListener@4f18837a, org.springframework.boot.test.autoconfigure.web.servlet.WebDriverTestExecutionListener@359f7cdf]
13:28:14.332 [main] DEBUG org.springframework.test.annotation.ProfileValueUtils - Retrieved @ProfileValueSourceConfiguration [null] for test class [com.misterburguer.MisterburguerApplicationTest]
13:28:14.332 [main] DEBUG org.springframework.test.annotation.ProfileValueUtils - Retrieved ProfileValueSource type [class org.springframework.test.annotation.SystemProfileValueSource] for class [com.misterburguer.MisterburguerApplicationTest]
13:28:14.333 [main] DEBUG org.springframework.test.annotation.ProfileValueUtils - Retrieved @ProfileValueSourceConfiguration [null] for test class [com.misterburguer.MisterburguerApplicationTest]
13:28:14.333 [main] DEBUG org.springframework.test.annotation.ProfileValueUtils - Retrieved ProfileValueSource type [class org.springframework.test.annotation.SystemProfileValueSource] for class [com.misterburguer.MisterburguerApplicationTest]
13:28:14.334 [main] DEBUG org.springframework.test.annotation.ProfileValueUtils - Retrieved @ProfileValueSourceConfiguration [null] for test class [com.misterburguer.MisterburguerApplicationTest]
13:28:14.334 [main] DEBUG org.springframework.test.annotation.ProfileValueUtils - Retrieved ProfileValueSource type [class org.springframework.test.annotation.SystemProfileValueSource] for class [com.misterburguer.MisterburguerApplicationTest]
13:28:14.337 [main] DEBUG org.springframework.test.context.support.AbstractDirtiesContextTestExecutionListener - Before test class: context [DefaultTestContext@595b007d testClass = MisterburguerApplicationTest, testInstance = [null], testMethod = [null], testException = [null], mergedContextConfiguration = [WebMergedContextConfiguration@72d1ad2e testClass = MisterburguerApplicationTest, locations = '{}', classes = '{class com.misterburguer.MisterburguerApplication}', contextInitializerClasses = '[]', activeProfiles = '{}', propertySourceLocations = '{}', propertySourceProperties = '{org.springframework.boot.test.context.SpringBootTestContextBootstrapper=true}', contextCustomizers = set[org.springframework.boot.test.context.filter.ExcludeFilterContextCustomizer@4232c52b, org.springframework.boot.test.json.DuplicateJsonObjectContextCustomizerFactory$DuplicateJsonObjectContextCustomizer@458c1321, org.springframework.boot.test.mock.mockito.MockitoContextCustomizer@0, org.springframework.boot.test.web.client.TestRestTemplateContextCustomizer@2173f6d9, org.springframework.boot.test.autoconfigure.properties.PropertyMappingContextCustomizer@0, org.springframework.boot.test.autoconfigure.web.servlet.WebDriverContextCustomizerFactory$Customizer@687080dc], resourceBasePath = 'src/main/webapp', contextLoader = 'org.springframework.boot.test.context.SpringBootContextLoader', parent = [null]], attributes = map['org.springframework.test.context.web.ServletTestExecutionListener.activateListener' -> true]], class annotated with @DirtiesContext [false] with mode [null].
13:28:14.338 [main] DEBUG org.springframework.test.annotation.ProfileValueUtils - Retrieved @ProfileValueSourceConfiguration [null] for test class [com.misterburguer.MisterburguerApplicationTest]
13:28:14.338 [main] DEBUG org.springframework.test.annotation.ProfileValueUtils - Retrieved ProfileValueSource type [class org.springframework.test.annotation.SystemProfileValueSource] for class [com.misterburguer.MisterburguerApplicationTest]
13:28:14.354 [main] DEBUG org.springframework.test.context.support.TestPropertySourceUtils - Adding inlined properties to environment: {spring.jmx.enabled=false, org.springframework.boot.test.context.SpringBootTestContextBootstrapper=true, server.port=-1}

  .   ____          _            __ _ _
 /\\ / ___'_ __ _ _(_)_ __  __ _ \ \ \ \
( ( )\___ | '_ | '_| | '_ \/ _` | \ \ \ \
 \\/  ___)| |_)| | | | | || (_| |  ) ) ) )
  '  |____| .__|_| |_|_| |_\__, | / / / /
 =========|_|==============|___/=/_/_/_/
 :: Spring Boot ::        (v2.1.3.RELEASE)

2019-04-11 13:28:14.520  INFO 913 --- [           main] c.m.MisterburguerApplicationTest         : Starting MisterburguerApplicationTest on a6fe9d7435ef with PID 913 (started by root in /var/jenkins_home/workspace/BuildTest/api)
2019-04-11 13:28:14.522  INFO 913 --- [           main] c.m.MisterburguerApplicationTest         : No active profile set, falling back to default profiles: default
2019-04-11 13:28:15.135  INFO 913 --- [           main] .s.d.r.c.RepositoryConfigurationDelegate : Bootstrapping Spring Data repositories in DEFAULT mode.
2019-04-11 13:28:15.232  INFO 913 --- [           main] .s.d.r.c.RepositoryConfigurationDelegate : Finished Spring Data repository scanning in 89ms. Found 3 repository interfaces.
2019-04-11 13:28:15.636  INFO 913 --- [           main] trationDelegate$BeanPostProcessorChecker : Bean 'org.springframework.transaction.annotation.ProxyTransactionManagementConfiguration' of type [org.springframework.transaction.annotation.ProxyTransactionManagementConfiguration$$EnhancerBySpringCGLIB$$4a011756] is not eligible for getting processed by all BeanPostProcessors (for example: not eligible for auto-proxying)
2019-04-11 13:28:15.756  INFO 913 --- [           main] com.zaxxer.hikari.HikariDataSource       : HikariPool-1 - Starting...
2019-04-11 13:28:15.889  INFO 913 --- [           main] com.zaxxer.hikari.HikariDataSource       : HikariPool-1 - Start completed.
2019-04-11 13:28:16.141  INFO 913 --- [           main] o.hibernate.jpa.internal.util.LogHelper  : HHH000204: Processing PersistenceUnitInfo [
	name: default
	...]
2019-04-11 13:28:16.191  INFO 913 --- [           main] org.hibernate.Version                    : HHH000412: Hibernate Core {5.3.7.Final}
2019-04-11 13:28:16.192  INFO 913 --- [           main] org.hibernate.cfg.Environment            : HHH000206: hibernate.properties not found
2019-04-11 13:28:16.291  INFO 913 --- [           main] o.hibernate.annotations.common.Version   : HCANN000001: Hibernate Commons Annotations {5.0.4.Final}
2019-04-11 13:28:16.406  INFO 913 --- [           main] org.hibernate.dialect.Dialect            : HHH000400: Using dialect: org.hibernate.dialect.H2Dialect
2019-04-11 13:28:17.037  INFO 913 --- [           main] j.LocalContainerEntityManagerFactoryBean : Initialized JPA EntityManagerFactory for persistence unit 'default'
2019-04-11 13:28:17.448  WARN 913 --- [           main] aWebConfiguration$JpaWebMvcConfiguration : spring.jpa.open-in-view is enabled by default. Therefore, database queries may be performed during view rendering. Explicitly configure spring.jpa.open-in-view to disable this warning
2019-04-11 13:28:18.187  INFO 913 --- [           main] c.m.MisterburguerApplicationTest         : Started MisterburguerApplicationTest in 3.822 seconds (JVM running for 4.475)
[INFO] Tests run: 1, Failures: 0, Errors: 0, Skipped: 0, Time elapsed: 4.263 s - in com.misterburguer.MisterburguerApplicationTest
[INFO] Running com.misterburguer.infra.dto.LancheDTOTest
2019-04-11 13:28:18.241  INFO 913 --- [           main] o.s.t.c.s.DefaultTestContextBootstrapper : Loaded default TestExecutionListener class names from location [META-INF/spring.factories]: [org.springframework.boot.test.mock.mockito.MockitoTestExecutionListener, org.springframework.boot.test.mock.mockito.ResetMocksTestExecutionListener, org.springframework.boot.test.autoconfigure.restdocs.RestDocsTestExecutionListener, org.springframework.boot.test.autoconfigure.web.client.MockRestServiceServerResetTestExecutionListener, org.springframework.boot.test.autoconfigure.web.servlet.MockMvcPrintOnlyOnFailureTestExecutionListener, org.springframework.boot.test.autoconfigure.web.servlet.WebDriverTestExecutionListener, org.springframework.test.context.web.ServletTestExecutionListener, org.springframework.test.context.support.DirtiesContextBeforeModesTestExecutionListener, org.springframework.test.context.support.DependencyInjectionTestExecutionListener, org.springframework.test.context.support.DirtiesContextTestExecutionListener, org.springframework.test.context.transaction.TransactionalTestExecutionListener, org.springframework.test.context.jdbc.SqlScriptsTestExecutionListener]
2019-04-11 13:28:18.241  INFO 913 --- [           main] o.s.t.c.s.DefaultTestContextBootstrapper : Using TestExecutionListeners: [org.springframework.test.context.web.ServletTestExecutionListener@65753724, org.springframework.test.context.support.DirtiesContextBeforeModesTestExecutionListener@2bc16fe2, org.springframework.boot.test.mock.mockito.MockitoTestExecutionListener@d66502, org.springframework.test.context.support.DependencyInjectionTestExecutionListener@78545d40, org.springframework.test.context.support.DirtiesContextTestExecutionListener@34549979, org.springframework.test.context.transaction.TransactionalTestExecutionListener@144a5e6e, org.springframework.test.context.jdbc.SqlScriptsTestExecutionListener@2707c790, org.springframework.boot.test.mock.mockito.ResetMocksTestExecutionListener@7de3206d, org.springframework.boot.test.autoconfigure.restdocs.RestDocsTestExecutionListener@6dece1f9, org.springframework.boot.test.autoconfigure.web.client.MockRestServiceServerResetTestExecutionListener@2b936b04, org.springframework.boot.test.autoconfigure.web.servlet.MockMvcPrintOnlyOnFailureTestExecutionListener@32b112a1, org.springframework.boot.test.autoconfigure.web.servlet.WebDriverTestExecutionListener@5635bcd2]
[INFO] Tests run: 2, Failures: 0, Errors: 0, Skipped: 0, Time elapsed: 0.017 s - in com.misterburguer.infra.dto.LancheDTOTest
[INFO] Running com.misterburguer.infra.dto.CalculoPedidoDTOTest
2019-04-11 13:28:18.279  INFO 913 --- [           main] o.s.t.c.s.DefaultTestContextBootstrapper : Loaded default TestExecutionListener class names from location [META-INF/spring.factories]: [org.springframework.boot.test.mock.mockito.MockitoTestExecutionListener, org.springframework.boot.test.mock.mockito.ResetMocksTestExecutionListener, org.springframework.boot.test.autoconfigure.restdocs.RestDocsTestExecutionListener, org.springframework.boot.test.autoconfigure.web.client.MockRestServiceServerResetTestExecutionListener, org.springframework.boot.test.autoconfigure.web.servlet.MockMvcPrintOnlyOnFailureTestExecutionListener, org.springframework.boot.test.autoconfigure.web.servlet.WebDriverTestExecutionListener, org.springframework.test.context.web.ServletTestExecutionListener, org.springframework.test.context.support.DirtiesContextBeforeModesTestExecutionListener, org.springframework.test.context.support.DependencyInjectionTestExecutionListener, org.springframework.test.context.support.DirtiesContextTestExecutionListener, org.springframework.test.context.transaction.TransactionalTestExecutionListener, org.springframework.test.context.jdbc.SqlScriptsTestExecutionListener]
2019-04-11 13:28:18.280  INFO 913 --- [           main] o.s.t.c.s.DefaultTestContextBootstrapper : Using TestExecutionListeners: [org.springframework.test.context.web.ServletTestExecutionListener@165d1d54, org.springframework.test.context.support.DirtiesContextBeforeModesTestExecutionListener@4be12f6c, org.springframework.boot.test.mock.mockito.MockitoTestExecutionListener@52cb52bd, org.springframework.test.context.support.DependencyInjectionTestExecutionListener@1d1c37d5, org.springframework.test.context.support.DirtiesContextTestExecutionListener@63553e9f, org.springframework.test.context.transaction.TransactionalTestExecutionListener@218df7d6, org.springframework.test.context.jdbc.SqlScriptsTestExecutionListener@295b07e0, org.springframework.boot.test.mock.mockito.ResetMocksTestExecutionListener@55053f81, org.springframework.boot.test.autoconfigure.restdocs.RestDocsTestExecutionListener@1fee4278, org.springframework.boot.test.autoconfigure.web.client.MockRestServiceServerResetTestExecutionListener@51132514, org.springframework.boot.test.autoconfigure.web.servlet.MockMvcPrintOnlyOnFailureTestExecutionListener@20864cd1, org.springframework.boot.test.autoconfigure.web.servlet.WebDriverTestExecutionListener@5c839677]
[INFO] Tests run: 2, Failures: 0, Errors: 0, Skipped: 0, Time elapsed: 0.002 s - in com.misterburguer.infra.dto.CalculoPedidoDTOTest
[INFO] Running com.misterburguer.application.service.impl.PromocaoServiceImplTest
2019-04-11 13:28:18.292  INFO 913 --- [           main] .b.t.c.SpringBootTestContextBootstrapper : Neither @ContextConfiguration nor @ContextHierarchy found for test class [com.misterburguer.application.service.impl.PromocaoServiceImplTest], using SpringBootContextLoader
2019-04-11 13:28:18.293  INFO 913 --- [           main] o.s.t.c.support.AbstractContextLoader    : Could not detect default resource locations for test class [com.misterburguer.application.service.impl.PromocaoServiceImplTest]: no resource found for suffixes {-context.xml, Context.groovy}.
2019-04-11 13:28:18.293  INFO 913 --- [           main] t.c.s.AnnotationConfigContextLoaderUtils : Could not detect default configuration classes for test class [com.misterburguer.application.service.impl.PromocaoServiceImplTest]: PromocaoServiceImplTest does not declare any static, non-private, non-final, nested classes annotated with @Configuration.
2019-04-11 13:28:18.308  INFO 913 --- [           main] .b.t.c.SpringBootTestContextBootstrapper : Found @SpringBootConfiguration com.misterburguer.MisterburguerApplication for test class com.misterburguer.application.service.impl.PromocaoServiceImplTest
2019-04-11 13:28:18.309  INFO 913 --- [           main] .b.t.c.SpringBootTestContextBootstrapper : Loaded default TestExecutionListener class names from location [META-INF/spring.factories]: [org.springframework.boot.test.mock.mockito.MockitoTestExecutionListener, org.springframework.boot.test.mock.mockito.ResetMocksTestExecutionListener, org.springframework.boot.test.autoconfigure.restdocs.RestDocsTestExecutionListener, org.springframework.boot.test.autoconfigure.web.client.MockRestServiceServerResetTestExecutionListener, org.springframework.boot.test.autoconfigure.web.servlet.MockMvcPrintOnlyOnFailureTestExecutionListener, org.springframework.boot.test.autoconfigure.web.servlet.WebDriverTestExecutionListener, org.springframework.test.context.web.ServletTestExecutionListener, org.springframework.test.context.support.DirtiesContextBeforeModesTestExecutionListener, org.springframework.test.context.support.DependencyInjectionTestExecutionListener, org.springframework.test.context.support.DirtiesContextTestExecutionListener, org.springframework.test.context.transaction.TransactionalTestExecutionListener, org.springframework.test.context.jdbc.SqlScriptsTestExecutionListener]
2019-04-11 13:28:18.310  INFO 913 --- [           main] .b.t.c.SpringBootTestContextBootstrapper : Using TestExecutionListeners: [org.springframework.test.context.web.ServletTestExecutionListener@2dd3d39d, org.springframework.test.context.support.DirtiesContextBeforeModesTestExecutionListener@ae3c140, org.springframework.boot.test.mock.mockito.MockitoTestExecutionListener@6f2d3391, org.springframework.boot.test.autoconfigure.SpringBootDependencyInjectionTestExecutionListener@71b0289b, org.springframework.test.context.support.DirtiesContextTestExecutionListener@42cc420b, org.springframework.test.context.transaction.TransactionalTestExecutionListener@563172d3, org.springframework.test.context.jdbc.SqlScriptsTestExecutionListener@5086623f, org.springframework.boot.test.mock.mockito.ResetMocksTestExecutionListener@20027c44, org.springframework.boot.test.autoconfigure.restdocs.RestDocsTestExecutionListener@7eae55, org.springframework.boot.test.autoconfigure.web.client.MockRestServiceServerResetTestExecutionListener@5d84e363, org.springframework.boot.test.autoconfigure.web.servlet.MockMvcPrintOnlyOnFailureTestExecutionListener@3ef0e576, org.springframework.boot.test.autoconfigure.web.servlet.WebDriverTestExecutionListener@da34eb0]
2019-04-11 13:28:18.370  INFO 913 --- [           main] o.h.h.i.QueryTranslatorFactoryInitiator  : HHH000397: Using ASTQueryTranslatorFactory
[INFO] Tests run: 9, Failures: 0, Errors: 0, Skipped: 0, Time elapsed: 0.432 s - in com.misterburguer.application.service.impl.PromocaoServiceImplTest
[INFO] Running com.misterburguer.application.service.impl.IngredienteServiceImplTest
2019-04-11 13:28:18.733  INFO 913 --- [           main] .b.t.c.SpringBootTestContextBootstrapper : Neither @ContextConfiguration nor @ContextHierarchy found for test class [com.misterburguer.application.service.impl.IngredienteServiceImplTest], using SpringBootContextLoader
2019-04-11 13:28:18.734  INFO 913 --- [           main] o.s.t.c.support.AbstractContextLoader    : Could not detect default resource locations for test class [com.misterburguer.application.service.impl.IngredienteServiceImplTest]: no resource found for suffixes {-context.xml, Context.groovy}.
2019-04-11 13:28:18.734  INFO 913 --- [           main] t.c.s.AnnotationConfigContextLoaderUtils : Could not detect default configuration classes for test class [com.misterburguer.application.service.impl.IngredienteServiceImplTest]: IngredienteServiceImplTest does not declare any static, non-private, non-final, nested classes annotated with @Configuration.
2019-04-11 13:28:18.736  INFO 913 --- [           main] .b.t.c.SpringBootTestContextBootstrapper : Found @SpringBootConfiguration com.misterburguer.MisterburguerApplication for test class com.misterburguer.application.service.impl.IngredienteServiceImplTest
2019-04-11 13:28:18.737  INFO 913 --- [           main] .b.t.c.SpringBootTestContextBootstrapper : Loaded default TestExecutionListener class names from location [META-INF/spring.factories]: [org.springframework.boot.test.mock.mockito.MockitoTestExecutionListener, org.springframework.boot.test.mock.mockito.ResetMocksTestExecutionListener, org.springframework.boot.test.autoconfigure.restdocs.RestDocsTestExecutionListener, org.springframework.boot.test.autoconfigure.web.client.MockRestServiceServerResetTestExecutionListener, org.springframework.boot.test.autoconfigure.web.servlet.MockMvcPrintOnlyOnFailureTestExecutionListener, org.springframework.boot.test.autoconfigure.web.servlet.WebDriverTestExecutionListener, org.springframework.test.context.web.ServletTestExecutionListener, org.springframework.test.context.support.DirtiesContextBeforeModesTestExecutionListener, org.springframework.test.context.support.DependencyInjectionTestExecutionListener, org.springframework.test.context.support.DirtiesContextTestExecutionListener, org.springframework.test.context.transaction.TransactionalTestExecutionListener, org.springframework.test.context.jdbc.SqlScriptsTestExecutionListener]
2019-04-11 13:28:18.737  INFO 913 --- [           main] .b.t.c.SpringBootTestContextBootstrapper : Using TestExecutionListeners: [org.springframework.test.context.web.ServletTestExecutionListener@213012a0, org.springframework.test.context.support.DirtiesContextBeforeModesTestExecutionListener@43a59289, org.springframework.boot.test.mock.mockito.MockitoTestExecutionListener@6c2883b1, org.springframework.boot.test.autoconfigure.SpringBootDependencyInjectionTestExecutionListener@336e3be2, org.springframework.test.context.support.DirtiesContextTestExecutionListener@126a9a3d, org.springframework.test.context.transaction.TransactionalTestExecutionListener@7db47323, org.springframework.test.context.jdbc.SqlScriptsTestExecutionListener@5529522f, org.springframework.boot.test.mock.mockito.ResetMocksTestExecutionListener@175ac243, org.springframework.boot.test.autoconfigure.restdocs.RestDocsTestExecutionListener@51a719e7, org.springframework.boot.test.autoconfigure.web.client.MockRestServiceServerResetTestExecutionListener@fd4459b, org.springframework.boot.test.autoconfigure.web.servlet.MockMvcPrintOnlyOnFailureTestExecutionListener@1073c664, org.springframework.boot.test.autoconfigure.web.servlet.WebDriverTestExecutionListener@517a46f3]
[INFO] Tests run: 9, Failures: 0, Errors: 0, Skipped: 0, Time elapsed: 0.07 s - in com.misterburguer.application.service.impl.IngredienteServiceImplTest
[INFO] Running com.misterburguer.application.service.impl.PedidoServiceImplTest
2019-04-11 13:28:18.806  INFO 913 --- [           main] .b.t.c.SpringBootTestContextBootstrapper : Neither @ContextConfiguration nor @ContextHierarchy found for test class [com.misterburguer.application.service.impl.PedidoServiceImplTest], using SpringBootContextLoader
2019-04-11 13:28:18.807  INFO 913 --- [           main] o.s.t.c.support.AbstractContextLoader    : Could not detect default resource locations for test class [com.misterburguer.application.service.impl.PedidoServiceImplTest]: no resource found for suffixes {-context.xml, Context.groovy}.
2019-04-11 13:28:18.807  INFO 913 --- [           main] t.c.s.AnnotationConfigContextLoaderUtils : Could not detect default configuration classes for test class [com.misterburguer.application.service.impl.PedidoServiceImplTest]: PedidoServiceImplTest does not declare any static, non-private, non-final, nested classes annotated with @Configuration.
2019-04-11 13:28:18.808  INFO 913 --- [           main] .b.t.c.SpringBootTestContextBootstrapper : Found @SpringBootConfiguration com.misterburguer.MisterburguerApplication for test class com.misterburguer.application.service.impl.PedidoServiceImplTest
2019-04-11 13:28:18.810  INFO 913 --- [           main] .b.t.c.SpringBootTestContextBootstrapper : Loaded default TestExecutionListener class names from location [META-INF/spring.factories]: [org.springframework.boot.test.mock.mockito.MockitoTestExecutionListener, org.springframework.boot.test.mock.mockito.ResetMocksTestExecutionListener, org.springframework.boot.test.autoconfigure.restdocs.RestDocsTestExecutionListener, org.springframework.boot.test.autoconfigure.web.client.MockRestServiceServerResetTestExecutionListener, org.springframework.boot.test.autoconfigure.web.servlet.MockMvcPrintOnlyOnFailureTestExecutionListener, org.springframework.boot.test.autoconfigure.web.servlet.WebDriverTestExecutionListener, org.springframework.test.context.web.ServletTestExecutionListener, org.springframework.test.context.support.DirtiesContextBeforeModesTestExecutionListener, org.springframework.test.context.support.DependencyInjectionTestExecutionListener, org.springframework.test.context.support.DirtiesContextTestExecutionListener, org.springframework.test.context.transaction.TransactionalTestExecutionListener, org.springframework.test.context.jdbc.SqlScriptsTestExecutionListener]
2019-04-11 13:28:18.810  INFO 913 --- [           main] .b.t.c.SpringBootTestContextBootstrapper : Using TestExecutionListeners: [org.springframework.test.context.web.ServletTestExecutionListener@22ff1372, org.springframework.test.context.support.DirtiesContextBeforeModesTestExecutionListener@356341c9, org.springframework.boot.test.mock.mockito.MockitoTestExecutionListener@3a70575, org.springframework.boot.test.autoconfigure.SpringBootDependencyInjectionTestExecutionListener@5d96d434, org.springframework.test.context.support.DirtiesContextTestExecutionListener@7283877, org.springframework.test.context.transaction.TransactionalTestExecutionListener@286a4c52, org.springframework.test.context.jdbc.SqlScriptsTestExecutionListener@13dd7887, org.springframework.boot.test.mock.mockito.ResetMocksTestExecutionListener@780129bc, org.springframework.boot.test.autoconfigure.restdocs.RestDocsTestExecutionListener@3e2c4d4b, org.springframework.boot.test.autoconfigure.web.client.MockRestServiceServerResetTestExecutionListener@44de8e00, org.springframework.boot.test.autoconfigure.web.servlet.MockMvcPrintOnlyOnFailureTestExecutionListener@3cbfdf5c, org.springframework.boot.test.autoconfigure.web.servlet.WebDriverTestExecutionListener@4d825dbe]
[INFO] Tests run: 9, Failures: 0, Errors: 0, Skipped: 0, Time elapsed: 0.079 s - in com.misterburguer.application.service.impl.PedidoServiceImplTest
2019-04-11 13:28:18.901  INFO 913 --- [       Thread-3] j.LocalContainerEntityManagerFactoryBean : Closing JPA EntityManagerFactory for persistence unit 'default'
2019-04-11 13:28:18.904  INFO 913 --- [       Thread-3] com.zaxxer.hikari.HikariDataSource       : HikariPool-1 - Shutdown initiated...
2019-04-11 13:28:18.906  INFO 913 --- [       Thread-3] com.zaxxer.hikari.HikariDataSource       : HikariPool-1 - Shutdown completed.
[INFO] 
[INFO] Results:
[INFO] 
[INFO] Tests run: 32, Failures: 0, Errors: 0, Skipped: 0
[INFO] 
[INFO] ------------------------------------------------------------------------
[INFO] BUILD SUCCESS
[INFO] ------------------------------------------------------------------------
[INFO] Total time: 7.468 s
[INFO] Finished at: 2019-04-11T13:28:19+00:00
[INFO] Final Memory: 24M/395M
[INFO] ------------------------------------------------------------------------
Finished: SUCCESS
