Started by user [8mha:////4OJwaNiYlEg6RRSNWbP4NXESwAv0sWhyjfcjLW9BMF/PAAAAlx+LCAAAAAAAAP9b85aBtbiIQTGjNKU4P08vOT+vOD8nVc83PyU1x6OyILUoJzMv2y+/JJUBAhiZGBgqihhk0NSjKDWzXb3RdlLBUSYGJk8GtpzUvPSSDB8G5tKinBIGIZ+sxLJE/ZzEvHT94JKizLx0a6BxUmjGOUNodHsLgAzWEgZu/dLi1CL9xJTczDwAj6GcLcAAAAA=[0mAdmin
Building in workspace /var/jenkins_home/workspace/BuildTest
using credential c36ebc64-c2a9-4070-b98f-8ee152d3afeb
 > git rev-parse --is-inside-work-tree # timeout=10
Fetching changes from the remote Git repository
 > git config remote.origin.url https://github.com/darian-beluzzo/mister-burguer.git # timeout=10
Fetching upstream changes from https://github.com/darian-beluzzo/mister-burguer.git
 > git --version # timeout=10
using GIT_ASKPASS to set credentials 
 > git fetch --tags --progress https://github.com/darian-beluzzo/mister-burguer.git +refs/heads/*:refs/remotes/origin/*
 > git rev-parse refs/remotes/origin/master^{commit} # timeout=10
 > git rev-parse refs/remotes/origin/origin/master^{commit} # timeout=10
Checking out Revision 20428b36cb8cf94b937e921a65bc9eb1301c109b (refs/remotes/origin/master)
 > git config core.sparsecheckout # timeout=10
 > git checkout -f 20428b36cb8cf94b937e921a65bc9eb1301c109b
Commit message: "Update README.md"
 > git rev-list --no-walk 20428b36cb8cf94b937e921a65bc9eb1301c109b # timeout=10
[BuildTest] $ /bin/sh -xe /tmp/jenkins6536668492419093366.sh
+ cd api
+ mvn test
[INFO] Scanning for projects...
[INFO]                                                                         
[INFO] ------------------------------------------------------------------------
[INFO] Building misterburguer 0.0.1-SNAPSHOT
[INFO] ------------------------------------------------------------------------
[INFO] 
[INFO] --- maven-resources-plugin:3.1.0:resources (default-resources) @ misterburguer ---
[INFO] Using 'UTF-8' encoding to copy filtered resources.
[INFO] Copying 1 resource
[INFO] Copying 2 resources
[INFO] 
[INFO] --- maven-compiler-plugin:3.8.0:compile (default-compile) @ misterburguer ---
[INFO] Nothing to compile - all classes are up to date
[INFO] 
[INFO] --- maven-resources-plugin:3.1.0:testResources (default-testResources) @ misterburguer ---
[INFO] Using 'UTF-8' encoding to copy filtered resources.
[INFO] Copying 2 resources
[INFO] 
[INFO] --- maven-compiler-plugin:3.8.0:testCompile (default-testCompile) @ misterburguer ---
[INFO] Nothing to compile - all classes are up to date
[INFO] 
[INFO] --- maven-surefire-plugin:2.22.1:test (default-test) @ misterburguer ---
[INFO] 
[INFO] -------------------------------------------------------
[INFO]  T E S T S
[INFO] -------------------------------------------------------
[INFO] Running com.misterburguer.MisterburguerApplicationTest
12:50:23.468 [main] DEBUG org.springframework.test.context.junit4.SpringJUnit4ClassRunner - SpringJUnit4ClassRunner constructor called with [class com.misterburguer.MisterburguerApplicationTest]
12:50:23.473 [main] DEBUG org.springframework.test.context.BootstrapUtils - Instantiating CacheAwareContextLoaderDelegate from class [org.springframework.test.context.cache.DefaultCacheAwareContextLoaderDelegate]
12:50:23.479 [main] DEBUG org.springframework.test.context.BootstrapUtils - Instantiating BootstrapContext using constructor [public org.springframework.test.context.support.DefaultBootstrapContext(java.lang.Class,org.springframework.test.context.CacheAwareContextLoaderDelegate)]
12:50:23.496 [main] DEBUG org.springframework.test.context.BootstrapUtils - Instantiating TestContextBootstrapper for test class [com.misterburguer.MisterburguerApplicationTest] from class [org.springframework.boot.test.context.SpringBootTestContextBootstrapper]
12:50:23.505 [main] INFO org.springframework.boot.test.context.SpringBootTestContextBootstrapper - Neither @ContextConfiguration nor @ContextHierarchy found for test class [com.misterburguer.MisterburguerApplicationTest], using SpringBootContextLoader
12:50:23.508 [main] DEBUG org.springframework.test.context.support.AbstractContextLoader - Did not detect default resource location for test class [com.misterburguer.MisterburguerApplicationTest]: class path resource [com/misterburguer/MisterburguerApplicationTest-context.xml] does not exist
12:50:23.508 [main] DEBUG org.springframework.test.context.support.AbstractContextLoader - Did not detect default resource location for test class [com.misterburguer.MisterburguerApplicationTest]: class path resource [com/misterburguer/MisterburguerApplicationTestContext.groovy] does not exist
12:50:23.509 [main] INFO org.springframework.test.context.support.AbstractContextLoader - Could not detect default resource locations for test class [com.misterburguer.MisterburguerApplicationTest]: no resource found for suffixes {-context.xml, Context.groovy}.
12:50:23.509 [main] INFO org.springframework.test.context.support.AnnotationConfigContextLoaderUtils - Could not detect default configuration classes for test class [com.misterburguer.MisterburguerApplicationTest]: MisterburguerApplicationTest does not declare any static, non-private, non-final, nested classes annotated with @Configuration.
12:50:23.541 [main] DEBUG org.springframework.test.context.support.ActiveProfilesUtils - Could not find an 'annotation declaring class' for annotation type [org.springframework.test.context.ActiveProfiles] and class [com.misterburguer.MisterburguerApplicationTest]
12:50:23.607 [main] DEBUG org.springframework.context.annotation.ClassPathScanningCandidateComponentProvider - Identified candidate component class: file [/var/jenkins_home/workspace/BuildTest/api/target/classes/com/misterburguer/MisterburguerApplication.class]
12:50:23.611 [main] INFO org.springframework.boot.test.context.SpringBootTestContextBootstrapper - Found @SpringBootConfiguration com.misterburguer.MisterburguerApplication for test class com.misterburguer.MisterburguerApplicationTest
12:50:23.689 [main] DEBUG org.springframework.boot.test.context.SpringBootTestContextBootstrapper - @TestExecutionListeners is not present for class [com.misterburguer.MisterburguerApplicationTest]: using defaults.
12:50:23.689 [main] INFO org.springframework.boot.test.context.SpringBootTestContextBootstrapper - Loaded default TestExecutionListener class names from location [META-INF/spring.factories]: [org.springframework.boot.test.mock.mockito.MockitoTestExecutionListener, org.springframework.boot.test.mock.mockito.ResetMocksTestExecutionListener, org.springframework.boot.test.autoconfigure.restdocs.RestDocsTestExecutionListener, org.springframework.boot.test.autoconfigure.web.client.MockRestServiceServerResetTestExecutionListener, org.springframework.boot.test.autoconfigure.web.servlet.MockMvcPrintOnlyOnFailureTestExecutionListener, org.springframework.boot.test.autoconfigure.web.servlet.WebDriverTestExecutionListener, org.springframework.test.context.web.ServletTestExecutionListener, org.springframework.test.context.support.DirtiesContextBeforeModesTestExecutionListener, org.springframework.test.context.support.DependencyInjectionTestExecutionListener, org.springframework.test.context.support.DirtiesContextTestExecutionListener, org.springframework.test.context.transaction.TransactionalTestExecutionListener, org.springframework.test.context.jdbc.SqlScriptsTestExecutionListener]
12:50:23.702 [main] INFO org.springframework.boot.test.context.SpringBootTestContextBootstrapper - Using TestExecutionListeners: [org.springframework.test.context.web.ServletTestExecutionListener@3bb9a3ff, org.springframework.test.context.support.DirtiesContextBeforeModesTestExecutionListener@661972b0, org.springframework.boot.test.mock.mockito.MockitoTestExecutionListener@5af3afd9, org.springframework.boot.test.autoconfigure.SpringBootDependencyInjectionTestExecutionListener@323b36e0, org.springframework.test.context.support.DirtiesContextTestExecutionListener@44ebcd03, org.springframework.test.context.transaction.TransactionalTestExecutionListener@694abbdc, org.springframework.test.context.jdbc.SqlScriptsTestExecutionListener@2e005c4b, org.springframework.boot.test.mock.mockito.ResetMocksTestExecutionListener@4567f35d, org.springframework.boot.test.autoconfigure.restdocs.RestDocsTestExecutionListener@5ffead27, org.springframework.boot.test.autoconfigure.web.client.MockRestServiceServerResetTestExecutionListener@6356695f, org.springframework.boot.test.autoconfigure.web.servlet.MockMvcPrintOnlyOnFailureTestExecutionListener@4f18837a, org.springframework.boot.test.autoconfigure.web.servlet.WebDriverTestExecutionListener@359f7cdf]
12:50:23.703 [main] DEBUG org.springframework.test.annotation.ProfileValueUtils - Retrieved @ProfileValueSourceConfiguration [null] for test class [com.misterburguer.MisterburguerApplicationTest]
12:50:23.704 [main] DEBUG org.springframework.test.annotation.ProfileValueUtils - Retrieved ProfileValueSource type [class org.springframework.test.annotation.SystemProfileValueSource] for class [com.misterburguer.MisterburguerApplicationTest]
12:50:23.705 [main] DEBUG org.springframework.test.annotation.ProfileValueUtils - Retrieved @ProfileValueSourceConfiguration [null] for test class [com.misterburguer.MisterburguerApplicationTest]
12:50:23.705 [main] DEBUG org.springframework.test.annotation.ProfileValueUtils - Retrieved ProfileValueSource type [class org.springframework.test.annotation.SystemProfileValueSource] for class [com.misterburguer.MisterburguerApplicationTest]
12:50:23.705 [main] DEBUG org.springframework.test.annotation.ProfileValueUtils - Retrieved @ProfileValueSourceConfiguration [null] for test class [com.misterburguer.MisterburguerApplicationTest]
12:50:23.705 [main] DEBUG org.springframework.test.annotation.ProfileValueUtils - Retrieved ProfileValueSource type [class org.springframework.test.annotation.SystemProfileValueSource] for class [com.misterburguer.MisterburguerApplicationTest]
12:50:23.709 [main] DEBUG org.springframework.test.context.support.AbstractDirtiesContextTestExecutionListener - Before test class: context [DefaultTestContext@595b007d testClass = MisterburguerApplicationTest, testInstance = [null], testMethod = [null], testException = [null], mergedContextConfiguration = [WebMergedContextConfiguration@72d1ad2e testClass = MisterburguerApplicationTest, locations = '{}', classes = '{class com.misterburguer.MisterburguerApplication}', contextInitializerClasses = '[]', activeProfiles = '{}', propertySourceLocations = '{}', propertySourceProperties = '{org.springframework.boot.test.context.SpringBootTestContextBootstrapper=true}', contextCustomizers = set[org.springframework.boot.test.context.filter.ExcludeFilterContextCustomizer@4232c52b, org.springframework.boot.test.json.DuplicateJsonObjectContextCustomizerFactory$DuplicateJsonObjectContextCustomizer@458c1321, org.springframework.boot.test.mock.mockito.MockitoContextCustomizer@0, org.springframework.boot.test.web.client.TestRestTemplateContextCustomizer@2173f6d9, org.springframework.boot.test.autoconfigure.properties.PropertyMappingContextCustomizer@0, org.springframework.boot.test.autoconfigure.web.servlet.WebDriverContextCustomizerFactory$Customizer@687080dc], resourceBasePath = 'src/main/webapp', contextLoader = 'org.springframework.boot.test.context.SpringBootContextLoader', parent = [null]], attributes = map['org.springframework.test.context.web.ServletTestExecutionListener.activateListener' -> true]], class annotated with @DirtiesContext [false] with mode [null].
12:50:23.709 [main] DEBUG org.springframework.test.annotation.ProfileValueUtils - Retrieved @ProfileValueSourceConfiguration [null] for test class [com.misterburguer.MisterburguerApplicationTest]
12:50:23.709 [main] DEBUG org.springframework.test.annotation.ProfileValueUtils - Retrieved ProfileValueSource type [class org.springframework.test.annotation.SystemProfileValueSource] for class [com.misterburguer.MisterburguerApplicationTest]
12:50:23.725 [main] DEBUG org.springframework.test.context.support.TestPropertySourceUtils - Adding inlined properties to environment: {spring.jmx.enabled=false, org.springframework.boot.test.context.SpringBootTestContextBootstrapper=true, server.port=-1}

  .   ____          _            __ _ _
 /\\ / ___'_ __ _ _(_)_ __  __ _ \ \ \ \
( ( )\___ | '_ | '_| | '_ \/ _` | \ \ \ \
 \\/  ___)| |_)| | | | | || (_| |  ) ) ) )
  '  |____| .__|_| |_|_| |_\__, | / / / /
 =========|_|==============|___/=/_/_/_/
 :: Spring Boot ::        (v2.1.3.RELEASE)

2019-04-11 12:50:23.935  INFO 722 --- [           main] c.m.MisterburguerApplicationTest         : Starting MisterburguerApplicationTest on a6fe9d7435ef with PID 722 (started by root in /var/jenkins_home/workspace/BuildTest/api)
2019-04-11 12:50:23.936  INFO 722 --- [           main] c.m.MisterburguerApplicationTest         : No active profile set, falling back to default profiles: default
2019-04-11 12:50:24.577  INFO 722 --- [           main] .s.d.r.c.RepositoryConfigurationDelegate : Bootstrapping Spring Data repositories in DEFAULT mode.
2019-04-11 12:50:24.656  INFO 722 --- [           main] .s.d.r.c.RepositoryConfigurationDelegate : Finished Spring Data repository scanning in 72ms. Found 3 repository interfaces.
2019-04-11 12:50:25.052  INFO 722 --- [           main] trationDelegate$BeanPostProcessorChecker : Bean 'org.springframework.transaction.annotation.ProxyTransactionManagementConfiguration' of type [org.springframework.transaction.annotation.ProxyTransactionManagementConfiguration$$EnhancerBySpringCGLIB$$b3f87cd] is not eligible for getting processed by all BeanPostProcessors (for example: not eligible for auto-proxying)
2019-04-11 12:50:25.177  INFO 722 --- [           main] com.zaxxer.hikari.HikariDataSource       : HikariPool-1 - Starting...
2019-04-11 12:50:25.299  INFO 722 --- [           main] com.zaxxer.hikari.HikariDataSource       : HikariPool-1 - Start completed.
2019-04-11 12:50:25.500  INFO 722 --- [           main] o.hibernate.jpa.internal.util.LogHelper  : HHH000204: Processing PersistenceUnitInfo [
	name: default
	...]
2019-04-11 12:50:25.547  INFO 722 --- [           main] org.hibernate.Version                    : HHH000412: Hibernate Core {5.3.7.Final}
2019-04-11 12:50:25.548  INFO 722 --- [           main] org.hibernate.cfg.Environment            : HHH000206: hibernate.properties not found
2019-04-11 12:50:25.650  INFO 722 --- [           main] o.hibernate.annotations.common.Version   : HCANN000001: Hibernate Commons Annotations {5.0.4.Final}
2019-04-11 12:50:25.761  INFO 722 --- [           main] org.hibernate.dialect.Dialect            : HHH000400: Using dialect: org.hibernate.dialect.H2Dialect
2019-04-11 12:50:26.344  INFO 722 --- [           main] j.LocalContainerEntityManagerFactoryBean : Initialized JPA EntityManagerFactory for persistence unit 'default'
2019-04-11 12:50:26.729  WARN 722 --- [           main] aWebConfiguration$JpaWebMvcConfiguration : spring.jpa.open-in-view is enabled by default. Therefore, database queries may be performed during view rendering. Explicitly configure spring.jpa.open-in-view to disable this warning
2019-04-11 12:50:27.551  INFO 722 --- [           main] c.m.MisterburguerApplicationTest         : Started MisterburguerApplicationTest in 3.812 seconds (JVM running for 4.416)
[INFO] Tests run: 1, Failures: 0, Errors: 0, Skipped: 0, Time elapsed: 4.241 s - in com.misterburguer.MisterburguerApplicationTest
[INFO] Running com.misterburguer.infra.dto.LancheDTOTest
2019-04-11 12:50:27.604  INFO 722 --- [           main] o.s.t.c.s.DefaultTestContextBootstrapper : Loaded default TestExecutionListener class names from location [META-INF/spring.factories]: [org.springframework.boot.test.mock.mockito.MockitoTestExecutionListener, org.springframework.boot.test.mock.mockito.ResetMocksTestExecutionListener, org.springframework.boot.test.autoconfigure.restdocs.RestDocsTestExecutionListener, org.springframework.boot.test.autoconfigure.web.client.MockRestServiceServerResetTestExecutionListener, org.springframework.boot.test.autoconfigure.web.servlet.MockMvcPrintOnlyOnFailureTestExecutionListener, org.springframework.boot.test.autoconfigure.web.servlet.WebDriverTestExecutionListener, org.springframework.test.context.web.ServletTestExecutionListener, org.springframework.test.context.support.DirtiesContextBeforeModesTestExecutionListener, org.springframework.test.context.support.DependencyInjectionTestExecutionListener, org.springframework.test.context.support.DirtiesContextTestExecutionListener, org.springframework.test.context.transaction.TransactionalTestExecutionListener, org.springframework.test.context.jdbc.SqlScriptsTestExecutionListener]
2019-04-11 12:50:27.604  INFO 722 --- [           main] o.s.t.c.s.DefaultTestContextBootstrapper : Using TestExecutionListeners: [org.springframework.test.context.web.ServletTestExecutionListener@28dd81ad, org.springframework.test.context.support.DirtiesContextBeforeModesTestExecutionListener@300a38e7, org.springframework.boot.test.mock.mockito.MockitoTestExecutionListener@5c9a4f3b, org.springframework.test.context.support.DependencyInjectionTestExecutionListener@2bb0e277, org.springframework.test.context.support.DirtiesContextTestExecutionListener@6f24ce45, org.springframework.test.context.transaction.TransactionalTestExecutionListener@e881e46, org.springframework.test.context.jdbc.SqlScriptsTestExecutionListener@657b3b, org.springframework.boot.test.mock.mockito.ResetMocksTestExecutionListener@2cea921a, org.springframework.boot.test.autoconfigure.restdocs.RestDocsTestExecutionListener@65753724, org.springframework.boot.test.autoconfigure.web.client.MockRestServiceServerResetTestExecutionListener@2bc16fe2, org.springframework.boot.test.autoconfigure.web.servlet.MockMvcPrintOnlyOnFailureTestExecutionListener@d66502, org.springframework.boot.test.autoconfigure.web.servlet.WebDriverTestExecutionListener@78545d40]
[INFO] Tests run: 2, Failures: 0, Errors: 0, Skipped: 0, Time elapsed: 0.014 s - in com.misterburguer.infra.dto.LancheDTOTest
[INFO] Running com.misterburguer.infra.dto.CalculoPedidoDTOTest
2019-04-11 12:50:27.660  INFO 722 --- [           main] o.s.t.c.s.DefaultTestContextBootstrapper : Loaded default TestExecutionListener class names from location [META-INF/spring.factories]: [org.springframework.boot.test.mock.mockito.MockitoTestExecutionListener, org.springframework.boot.test.mock.mockito.ResetMocksTestExecutionListener, org.springframework.boot.test.autoconfigure.restdocs.RestDocsTestExecutionListener, org.springframework.boot.test.autoconfigure.web.client.MockRestServiceServerResetTestExecutionListener, org.springframework.boot.test.autoconfigure.web.servlet.MockMvcPrintOnlyOnFailureTestExecutionListener, org.springframework.boot.test.autoconfigure.web.servlet.WebDriverTestExecutionListener, org.springframework.test.context.web.ServletTestExecutionListener, org.springframework.test.context.support.DirtiesContextBeforeModesTestExecutionListener, org.springframework.test.context.support.DependencyInjectionTestExecutionListener, org.springframework.test.context.support.DirtiesContextTestExecutionListener, org.springframework.test.context.transaction.TransactionalTestExecutionListener, org.springframework.test.context.jdbc.SqlScriptsTestExecutionListener]
2019-04-11 12:50:27.661  INFO 722 --- [           main] o.s.t.c.s.DefaultTestContextBootstrapper : Using TestExecutionListeners: [org.springframework.test.context.web.ServletTestExecutionListener@4a9bce99, org.springframework.test.context.support.DirtiesContextBeforeModesTestExecutionListener@5a0f87e5, org.springframework.boot.test.mock.mockito.MockitoTestExecutionListener@243c4346, org.springframework.test.context.support.DependencyInjectionTestExecutionListener@2905b568, org.springframework.test.context.support.DirtiesContextTestExecutionListener@3dfe59d7, org.springframework.test.context.transaction.TransactionalTestExecutionListener@1be8c122, org.springframework.test.context.jdbc.SqlScriptsTestExecutionListener@5d08976a, org.springframework.boot.test.mock.mockito.ResetMocksTestExecutionListener@59a2d756, org.springframework.boot.test.autoconfigure.restdocs.RestDocsTestExecutionListener@165d1d54, org.springframework.boot.test.autoconfigure.web.client.MockRestServiceServerResetTestExecutionListener@4be12f6c, org.springframework.boot.test.autoconfigure.web.servlet.MockMvcPrintOnlyOnFailureTestExecutionListener@52cb52bd, org.springframework.boot.test.autoconfigure.web.servlet.WebDriverTestExecutionListener@1d1c37d5]
[INFO] Tests run: 2, Failures: 0, Errors: 0, Skipped: 0, Time elapsed: 0.003 s - in com.misterburguer.infra.dto.CalculoPedidoDTOTest
[INFO] Running com.misterburguer.application.service.impl.PromocaoServiceImplTest
2019-04-11 12:50:27.674  INFO 722 --- [           main] .b.t.c.SpringBootTestContextBootstrapper : Neither @ContextConfiguration nor @ContextHierarchy found for test class [com.misterburguer.application.service.impl.PromocaoServiceImplTest], using SpringBootContextLoader
2019-04-11 12:50:27.675  INFO 722 --- [           main] o.s.t.c.support.AbstractContextLoader    : Could not detect default resource locations for test class [com.misterburguer.application.service.impl.PromocaoServiceImplTest]: no resource found for suffixes {-context.xml, Context.groovy}.
2019-04-11 12:50:27.675  INFO 722 --- [           main] t.c.s.AnnotationConfigContextLoaderUtils : Could not detect default configuration classes for test class [com.misterburguer.application.service.impl.PromocaoServiceImplTest]: PromocaoServiceImplTest does not declare any static, non-private, non-final, nested classes annotated with @Configuration.
2019-04-11 12:50:27.690  INFO 722 --- [           main] .b.t.c.SpringBootTestContextBootstrapper : Found @SpringBootConfiguration com.misterburguer.MisterburguerApplication for test class com.misterburguer.application.service.impl.PromocaoServiceImplTest
2019-04-11 12:50:27.691  INFO 722 --- [           main] .b.t.c.SpringBootTestContextBootstrapper : Loaded default TestExecutionListener class names from location [META-INF/spring.factories]: [org.springframework.boot.test.mock.mockito.MockitoTestExecutionListener, org.springframework.boot.test.mock.mockito.ResetMocksTestExecutionListener, org.springframework.boot.test.autoconfigure.restdocs.RestDocsTestExecutionListener, org.springframework.boot.test.autoconfigure.web.client.MockRestServiceServerResetTestExecutionListener, org.springframework.boot.test.autoconfigure.web.servlet.MockMvcPrintOnlyOnFailureTestExecutionListener, org.springframework.boot.test.autoconfigure.web.servlet.WebDriverTestExecutionListener, org.springframework.test.context.web.ServletTestExecutionListener, org.springframework.test.context.support.DirtiesContextBeforeModesTestExecutionListener, org.springframework.test.context.support.DependencyInjectionTestExecutionListener, org.springframework.test.context.support.DirtiesContextTestExecutionListener, org.springframework.test.context.transaction.TransactionalTestExecutionListener, org.springframework.test.context.jdbc.SqlScriptsTestExecutionListener]
2019-04-11 12:50:27.692  INFO 722 --- [           main] .b.t.c.SpringBootTestContextBootstrapper : Using TestExecutionListeners: [org.springframework.test.context.web.ServletTestExecutionListener@7ec13984, org.springframework.test.context.support.DirtiesContextBeforeModesTestExecutionListener@14485747, org.springframework.boot.test.mock.mockito.MockitoTestExecutionListener@59fea5f5, org.springframework.boot.test.autoconfigure.SpringBootDependencyInjectionTestExecutionListener@78eafad, org.springframework.test.context.support.DirtiesContextTestExecutionListener@70f4abc1, org.springframework.test.context.transaction.TransactionalTestExecutionListener@26d028f7, org.springframework.test.context.jdbc.SqlScriptsTestExecutionListener@a2df0d5, org.springframework.boot.test.mock.mockito.ResetMocksTestExecutionListener@782cc5fa, org.springframework.boot.test.autoconfigure.restdocs.RestDocsTestExecutionListener@2dd3d39d, org.springframework.boot.test.autoconfigure.web.client.MockRestServiceServerResetTestExecutionListener@ae3c140, org.springframework.boot.test.autoconfigure.web.servlet.MockMvcPrintOnlyOnFailureTestExecutionListener@6f2d3391, org.springframework.boot.test.autoconfigure.web.servlet.WebDriverTestExecutionListener@71b0289b]
2019-04-11 12:50:27.741  INFO 722 --- [           main] o.h.h.i.QueryTranslatorFactoryInitiator  : HHH000397: Using ASTQueryTranslatorFactory
[INFO] Tests run: 9, Failures: 0, Errors: 0, Skipped: 0, Time elapsed: 0.394 s - in com.misterburguer.application.service.impl.PromocaoServiceImplTest
[INFO] Running com.misterburguer.application.service.impl.IngredienteServiceImplTest
2019-04-11 12:50:28.076  INFO 722 --- [           main] .b.t.c.SpringBootTestContextBootstrapper : Neither @ContextConfiguration nor @ContextHierarchy found for test class [com.misterburguer.application.service.impl.IngredienteServiceImplTest], using SpringBootContextLoader
2019-04-11 12:50:28.077  INFO 722 --- [           main] o.s.t.c.support.AbstractContextLoader    : Could not detect default resource locations for test class [com.misterburguer.application.service.impl.IngredienteServiceImplTest]: no resource found for suffixes {-context.xml, Context.groovy}.
2019-04-11 12:50:28.077  INFO 722 --- [           main] t.c.s.AnnotationConfigContextLoaderUtils : Could not detect default configuration classes for test class [com.misterburguer.application.service.impl.IngredienteServiceImplTest]: IngredienteServiceImplTest does not declare any static, non-private, non-final, nested classes annotated with @Configuration.
2019-04-11 12:50:28.078  INFO 722 --- [           main] .b.t.c.SpringBootTestContextBootstrapper : Found @SpringBootConfiguration com.misterburguer.MisterburguerApplication for test class com.misterburguer.application.service.impl.IngredienteServiceImplTest
2019-04-11 12:50:28.080  INFO 722 --- [           main] .b.t.c.SpringBootTestContextBootstrapper : Loaded default TestExecutionListener class names from location [META-INF/spring.factories]: [org.springframework.boot.test.mock.mockito.MockitoTestExecutionListener, org.springframework.boot.test.mock.mockito.ResetMocksTestExecutionListener, org.springframework.boot.test.autoconfigure.restdocs.RestDocsTestExecutionListener, org.springframework.boot.test.autoconfigure.web.client.MockRestServiceServerResetTestExecutionListener, org.springframework.boot.test.autoconfigure.web.servlet.MockMvcPrintOnlyOnFailureTestExecutionListener, org.springframework.boot.test.autoconfigure.web.servlet.WebDriverTestExecutionListener, org.springframework.test.context.web.ServletTestExecutionListener, org.springframework.test.context.support.DirtiesContextBeforeModesTestExecutionListener, org.springframework.test.context.support.DependencyInjectionTestExecutionListener, org.springframework.test.context.support.DirtiesContextTestExecutionListener, org.springframework.test.context.transaction.TransactionalTestExecutionListener, org.springframework.test.context.jdbc.SqlScriptsTestExecutionListener]
2019-04-11 12:50:28.080  INFO 722 --- [           main] .b.t.c.SpringBootTestContextBootstrapper : Using TestExecutionListeners: [org.springframework.test.context.web.ServletTestExecutionListener@419f0ea, org.springframework.test.context.support.DirtiesContextBeforeModesTestExecutionListener@2d47b06, org.springframework.boot.test.mock.mockito.MockitoTestExecutionListener@59371066, org.springframework.boot.test.autoconfigure.SpringBootDependencyInjectionTestExecutionListener@48106381, org.springframework.test.context.support.DirtiesContextTestExecutionListener@3c544c9, org.springframework.test.context.transaction.TransactionalTestExecutionListener@22e813fc, org.springframework.test.context.jdbc.SqlScriptsTestExecutionListener@433d93e7, org.springframework.boot.test.mock.mockito.ResetMocksTestExecutionListener@87aec6a, org.springframework.boot.test.autoconfigure.restdocs.RestDocsTestExecutionListener@213012a0, org.springframework.boot.test.autoconfigure.web.client.MockRestServiceServerResetTestExecutionListener@43a59289, org.springframework.boot.test.autoconfigure.web.servlet.MockMvcPrintOnlyOnFailureTestExecutionListener@6c2883b1, org.springframework.boot.test.autoconfigure.web.servlet.WebDriverTestExecutionListener@336e3be2]
[INFO] Tests run: 9, Failures: 0, Errors: 0, Skipped: 0, Time elapsed: 0.062 s - in com.misterburguer.application.service.impl.IngredienteServiceImplTest
[INFO] Running com.misterburguer.application.service.impl.PedidoServiceImplTest
2019-04-11 12:50:28.148  INFO 722 --- [           main] .b.t.c.SpringBootTestContextBootstrapper : Neither @ContextConfiguration nor @ContextHierarchy found for test class [com.misterburguer.application.service.impl.PedidoServiceImplTest], using SpringBootContextLoader
2019-04-11 12:50:28.149  INFO 722 --- [           main] o.s.t.c.support.AbstractContextLoader    : Could not detect default resource locations for test class [com.misterburguer.application.service.impl.PedidoServiceImplTest]: no resource found for suffixes {-context.xml, Context.groovy}.
2019-04-11 12:50:28.149  INFO 722 --- [           main] t.c.s.AnnotationConfigContextLoaderUtils : Could not detect default configuration classes for test class [com.misterburguer.application.service.impl.PedidoServiceImplTest]: PedidoServiceImplTest does not declare any static, non-private, non-final, nested classes annotated with @Configuration.
2019-04-11 12:50:28.150  INFO 722 --- [           main] .b.t.c.SpringBootTestContextBootstrapper : Found @SpringBootConfiguration com.misterburguer.MisterburguerApplication for test class com.misterburguer.application.service.impl.PedidoServiceImplTest
2019-04-11 12:50:28.152  INFO 722 --- [           main] .b.t.c.SpringBootTestContextBootstrapper : Loaded default TestExecutionListener class names from location [META-INF/spring.factories]: [org.springframework.boot.test.mock.mockito.MockitoTestExecutionListener, org.springframework.boot.test.mock.mockito.ResetMocksTestExecutionListener, org.springframework.boot.test.autoconfigure.restdocs.RestDocsTestExecutionListener, org.springframework.boot.test.autoconfigure.web.client.MockRestServiceServerResetTestExecutionListener, org.springframework.boot.test.autoconfigure.web.servlet.MockMvcPrintOnlyOnFailureTestExecutionListener, org.springframework.boot.test.autoconfigure.web.servlet.WebDriverTestExecutionListener, org.springframework.test.context.web.ServletTestExecutionListener, org.springframework.test.context.support.DirtiesContextBeforeModesTestExecutionListener, org.springframework.test.context.support.DependencyInjectionTestExecutionListener, org.springframework.test.context.support.DirtiesContextTestExecutionListener, org.springframework.test.context.transaction.TransactionalTestExecutionListener, org.springframework.test.context.jdbc.SqlScriptsTestExecutionListener]
2019-04-11 12:50:28.153  INFO 722 --- [           main] .b.t.c.SpringBootTestContextBootstrapper : Using TestExecutionListeners: [org.springframework.test.context.web.ServletTestExecutionListener@32ba5c65, org.springframework.test.context.support.DirtiesContextBeforeModesTestExecutionListener@1ad1be5d, org.springframework.boot.test.mock.mockito.MockitoTestExecutionListener@47797401, org.springframework.boot.test.autoconfigure.SpringBootDependencyInjectionTestExecutionListener@702f4124, org.springframework.test.context.support.DirtiesContextTestExecutionListener@10166230, org.springframework.test.context.transaction.TransactionalTestExecutionListener@7221539, org.springframework.test.context.jdbc.SqlScriptsTestExecutionListener@b77b0a0, org.springframework.boot.test.mock.mockito.ResetMocksTestExecutionListener@15be68b, org.springframework.boot.test.autoconfigure.restdocs.RestDocsTestExecutionListener@22ff1372, org.springframework.boot.test.autoconfigure.web.client.MockRestServiceServerResetTestExecutionListener@356341c9, org.springframework.boot.test.autoconfigure.web.servlet.MockMvcPrintOnlyOnFailureTestExecutionListener@3a70575, org.springframework.boot.test.autoconfigure.web.servlet.WebDriverTestExecutionListener@5d96d434]
[INFO] Tests run: 9, Failures: 0, Errors: 0, Skipped: 0, Time elapsed: 0.105 s - in com.misterburguer.application.service.impl.PedidoServiceImplTest
2019-04-11 12:50:28.278  INFO 722 --- [       Thread-3] j.LocalContainerEntityManagerFactoryBean : Closing JPA EntityManagerFactory for persistence unit 'default'
2019-04-11 12:50:28.281  INFO 722 --- [       Thread-3] com.zaxxer.hikari.HikariDataSource       : HikariPool-1 - Shutdown initiated...
2019-04-11 12:50:28.283  INFO 722 --- [       Thread-3] com.zaxxer.hikari.HikariDataSource       : HikariPool-1 - Shutdown completed.
[INFO] 
[INFO] Results:
[INFO] 
[INFO] Tests run: 32, Failures: 0, Errors: 0, Skipped: 0
[INFO] 
[INFO] ------------------------------------------------------------------------
[INFO] BUILD SUCCESS
[INFO] ------------------------------------------------------------------------
[INFO] Total time: 7.513 s
[INFO] Finished at: 2019-04-11T12:50:28+00:00
[INFO] Final Memory: 24M/396M
[INFO] ------------------------------------------------------------------------
Finished: SUCCESS
