Started by an SCM change
Building in workspace /var/jenkins_home/workspace/BuildTest
using credential c36ebc64-c2a9-4070-b98f-8ee152d3afeb
 > git rev-parse --is-inside-work-tree # timeout=10
Fetching changes from the remote Git repository
 > git config remote.origin.url https://github.com/darian-beluzzo/mister-burguer.git # timeout=10
Fetching upstream changes from https://github.com/darian-beluzzo/mister-burguer.git
 > git --version # timeout=10
using GIT_ASKPASS to set credentials 
 > git fetch --tags --progress https://github.com/darian-beluzzo/mister-burguer.git +refs/heads/*:refs/remotes/origin/*
 > git rev-parse refs/remotes/origin/master^{commit} # timeout=10
 > git rev-parse refs/remotes/origin/origin/master^{commit} # timeout=10
Checking out Revision 89471d00e4b750b1b799f5e303cb51bee60f9acb (refs/remotes/origin/master)
 > git config core.sparsecheckout # timeout=10
 > git checkout -f 89471d00e4b750b1b799f5e303cb51bee60f9acb
Commit message: "Configuração do Jenkins"
 > git rev-list --no-walk 89471d00e4b750b1b799f5e303cb51bee60f9acb # timeout=10
[BuildTest] $ /bin/sh -xe /tmp/jenkins5415434468730051099.sh
+ cd api
+ mvn test
[INFO] Scanning for projects...
[INFO]                                                                         
[INFO] ------------------------------------------------------------------------
[INFO] Building misterburguer 0.0.1-SNAPSHOT
[INFO] ------------------------------------------------------------------------
[INFO] 
[INFO] --- maven-resources-plugin:3.1.0:resources (default-resources) @ misterburguer ---
[INFO] Using 'UTF-8' encoding to copy filtered resources.
[INFO] Copying 1 resource
[INFO] Copying 2 resources
[INFO] 
[INFO] --- maven-compiler-plugin:3.8.0:compile (default-compile) @ misterburguer ---
[INFO] Nothing to compile - all classes are up to date
[INFO] 
[INFO] --- maven-resources-plugin:3.1.0:testResources (default-testResources) @ misterburguer ---
[INFO] Using 'UTF-8' encoding to copy filtered resources.
[INFO] Copying 2 resources
[INFO] 
[INFO] --- maven-compiler-plugin:3.8.0:testCompile (default-testCompile) @ misterburguer ---
[INFO] Nothing to compile - all classes are up to date
[INFO] 
[INFO] --- maven-surefire-plugin:2.22.1:test (default-test) @ misterburguer ---
[INFO] 
[INFO] -------------------------------------------------------
[INFO]  T E S T S
[INFO] -------------------------------------------------------
[INFO] Running com.misterburguer.MisterburguerApplicationTest
16:01:16.786 [main] DEBUG org.springframework.test.context.junit4.SpringJUnit4ClassRunner - SpringJUnit4ClassRunner constructor called with [class com.misterburguer.MisterburguerApplicationTest]
16:01:16.791 [main] DEBUG org.springframework.test.context.BootstrapUtils - Instantiating CacheAwareContextLoaderDelegate from class [org.springframework.test.context.cache.DefaultCacheAwareContextLoaderDelegate]
16:01:16.797 [main] DEBUG org.springframework.test.context.BootstrapUtils - Instantiating BootstrapContext using constructor [public org.springframework.test.context.support.DefaultBootstrapContext(java.lang.Class,org.springframework.test.context.CacheAwareContextLoaderDelegate)]
16:01:16.819 [main] DEBUG org.springframework.test.context.BootstrapUtils - Instantiating TestContextBootstrapper for test class [com.misterburguer.MisterburguerApplicationTest] from class [org.springframework.boot.test.context.SpringBootTestContextBootstrapper]
16:01:16.831 [main] INFO org.springframework.boot.test.context.SpringBootTestContextBootstrapper - Neither @ContextConfiguration nor @ContextHierarchy found for test class [com.misterburguer.MisterburguerApplicationTest], using SpringBootContextLoader
16:01:16.834 [main] DEBUG org.springframework.test.context.support.AbstractContextLoader - Did not detect default resource location for test class [com.misterburguer.MisterburguerApplicationTest]: class path resource [com/misterburguer/MisterburguerApplicationTest-context.xml] does not exist
16:01:16.834 [main] DEBUG org.springframework.test.context.support.AbstractContextLoader - Did not detect default resource location for test class [com.misterburguer.MisterburguerApplicationTest]: class path resource [com/misterburguer/MisterburguerApplicationTestContext.groovy] does not exist
16:01:16.834 [main] INFO org.springframework.test.context.support.AbstractContextLoader - Could not detect default resource locations for test class [com.misterburguer.MisterburguerApplicationTest]: no resource found for suffixes {-context.xml, Context.groovy}.
16:01:16.835 [main] INFO org.springframework.test.context.support.AnnotationConfigContextLoaderUtils - Could not detect default configuration classes for test class [com.misterburguer.MisterburguerApplicationTest]: MisterburguerApplicationTest does not declare any static, non-private, non-final, nested classes annotated with @Configuration.
16:01:16.871 [main] DEBUG org.springframework.test.context.support.ActiveProfilesUtils - Could not find an 'annotation declaring class' for annotation type [org.springframework.test.context.ActiveProfiles] and class [com.misterburguer.MisterburguerApplicationTest]
16:01:16.945 [main] DEBUG org.springframework.context.annotation.ClassPathScanningCandidateComponentProvider - Identified candidate component class: file [/var/jenkins_home/workspace/BuildTest/api/target/classes/com/misterburguer/MisterburguerApplication.class]
16:01:16.949 [main] INFO org.springframework.boot.test.context.SpringBootTestContextBootstrapper - Found @SpringBootConfiguration com.misterburguer.MisterburguerApplication for test class com.misterburguer.MisterburguerApplicationTest
16:01:17.034 [main] DEBUG org.springframework.boot.test.context.SpringBootTestContextBootstrapper - @TestExecutionListeners is not present for class [com.misterburguer.MisterburguerApplicationTest]: using defaults.
16:01:17.034 [main] INFO org.springframework.boot.test.context.SpringBootTestContextBootstrapper - Loaded default TestExecutionListener class names from location [META-INF/spring.factories]: [org.springframework.boot.test.mock.mockito.MockitoTestExecutionListener, org.springframework.boot.test.mock.mockito.ResetMocksTestExecutionListener, org.springframework.boot.test.autoconfigure.restdocs.RestDocsTestExecutionListener, org.springframework.boot.test.autoconfigure.web.client.MockRestServiceServerResetTestExecutionListener, org.springframework.boot.test.autoconfigure.web.servlet.MockMvcPrintOnlyOnFailureTestExecutionListener, org.springframework.boot.test.autoconfigure.web.servlet.WebDriverTestExecutionListener, org.springframework.test.context.web.ServletTestExecutionListener, org.springframework.test.context.support.DirtiesContextBeforeModesTestExecutionListener, org.springframework.test.context.support.DependencyInjectionTestExecutionListener, org.springframework.test.context.support.DirtiesContextTestExecutionListener, org.springframework.test.context.transaction.TransactionalTestExecutionListener, org.springframework.test.context.jdbc.SqlScriptsTestExecutionListener]
16:01:17.047 [main] INFO org.springframework.boot.test.context.SpringBootTestContextBootstrapper - Using TestExecutionListeners: [org.springframework.test.context.web.ServletTestExecutionListener@3bb9a3ff, org.springframework.test.context.support.DirtiesContextBeforeModesTestExecutionListener@661972b0, org.springframework.boot.test.mock.mockito.MockitoTestExecutionListener@5af3afd9, org.springframework.boot.test.autoconfigure.SpringBootDependencyInjectionTestExecutionListener@323b36e0, org.springframework.test.context.support.DirtiesContextTestExecutionListener@44ebcd03, org.springframework.test.context.transaction.TransactionalTestExecutionListener@694abbdc, org.springframework.test.context.jdbc.SqlScriptsTestExecutionListener@2e005c4b, org.springframework.boot.test.mock.mockito.ResetMocksTestExecutionListener@4567f35d, org.springframework.boot.test.autoconfigure.restdocs.RestDocsTestExecutionListener@5ffead27, org.springframework.boot.test.autoconfigure.web.client.MockRestServiceServerResetTestExecutionListener@6356695f, org.springframework.boot.test.autoconfigure.web.servlet.MockMvcPrintOnlyOnFailureTestExecutionListener@4f18837a, org.springframework.boot.test.autoconfigure.web.servlet.WebDriverTestExecutionListener@359f7cdf]
16:01:17.049 [main] DEBUG org.springframework.test.annotation.ProfileValueUtils - Retrieved @ProfileValueSourceConfiguration [null] for test class [com.misterburguer.MisterburguerApplicationTest]
16:01:17.049 [main] DEBUG org.springframework.test.annotation.ProfileValueUtils - Retrieved ProfileValueSource type [class org.springframework.test.annotation.SystemProfileValueSource] for class [com.misterburguer.MisterburguerApplicationTest]
16:01:17.050 [main] DEBUG org.springframework.test.annotation.ProfileValueUtils - Retrieved @ProfileValueSourceConfiguration [null] for test class [com.misterburguer.MisterburguerApplicationTest]
16:01:17.050 [main] DEBUG org.springframework.test.annotation.ProfileValueUtils - Retrieved ProfileValueSource type [class org.springframework.test.annotation.SystemProfileValueSource] for class [com.misterburguer.MisterburguerApplicationTest]
16:01:17.051 [main] DEBUG org.springframework.test.annotation.ProfileValueUtils - Retrieved @ProfileValueSourceConfiguration [null] for test class [com.misterburguer.MisterburguerApplicationTest]
16:01:17.051 [main] DEBUG org.springframework.test.annotation.ProfileValueUtils - Retrieved ProfileValueSource type [class org.springframework.test.annotation.SystemProfileValueSource] for class [com.misterburguer.MisterburguerApplicationTest]
16:01:17.054 [main] DEBUG org.springframework.test.context.support.AbstractDirtiesContextTestExecutionListener - Before test class: context [DefaultTestContext@595b007d testClass = MisterburguerApplicationTest, testInstance = [null], testMethod = [null], testException = [null], mergedContextConfiguration = [WebMergedContextConfiguration@72d1ad2e testClass = MisterburguerApplicationTest, locations = '{}', classes = '{class com.misterburguer.MisterburguerApplication}', contextInitializerClasses = '[]', activeProfiles = '{}', propertySourceLocations = '{}', propertySourceProperties = '{org.springframework.boot.test.context.SpringBootTestContextBootstrapper=true}', contextCustomizers = set[org.springframework.boot.test.context.filter.ExcludeFilterContextCustomizer@4232c52b, org.springframework.boot.test.json.DuplicateJsonObjectContextCustomizerFactory$DuplicateJsonObjectContextCustomizer@458c1321, org.springframework.boot.test.mock.mockito.MockitoContextCustomizer@0, org.springframework.boot.test.web.client.TestRestTemplateContextCustomizer@2173f6d9, org.springframework.boot.test.autoconfigure.properties.PropertyMappingContextCustomizer@0, org.springframework.boot.test.autoconfigure.web.servlet.WebDriverContextCustomizerFactory$Customizer@687080dc], resourceBasePath = 'src/main/webapp', contextLoader = 'org.springframework.boot.test.context.SpringBootContextLoader', parent = [null]], attributes = map['org.springframework.test.context.web.ServletTestExecutionListener.activateListener' -> true]], class annotated with @DirtiesContext [false] with mode [null].
16:01:17.054 [main] DEBUG org.springframework.test.annotation.ProfileValueUtils - Retrieved @ProfileValueSourceConfiguration [null] for test class [com.misterburguer.MisterburguerApplicationTest]
16:01:17.054 [main] DEBUG org.springframework.test.annotation.ProfileValueUtils - Retrieved ProfileValueSource type [class org.springframework.test.annotation.SystemProfileValueSource] for class [com.misterburguer.MisterburguerApplicationTest]
16:01:17.071 [main] DEBUG org.springframework.test.context.support.TestPropertySourceUtils - Adding inlined properties to environment: {spring.jmx.enabled=false, org.springframework.boot.test.context.SpringBootTestContextBootstrapper=true, server.port=-1}

  .   ____          _            __ _ _
 /\\ / ___'_ __ _ _(_)_ __  __ _ \ \ \ \
( ( )\___ | '_ | '_| | '_ \/ _` | \ \ \ \
 \\/  ___)| |_)| | | | | || (_| |  ) ) ) )
  '  |____| .__|_| |_|_| |_\__, | / / / /
 =========|_|==============|___/=/_/_/_/
 :: Spring Boot ::        (v2.1.3.RELEASE)

2019-04-11 16:01:17.273  INFO 412 --- [           main] c.m.MisterburguerApplicationTest         : Starting MisterburguerApplicationTest on 8aab47d49733 with PID 412 (started by root in /var/jenkins_home/workspace/BuildTest/api)
2019-04-11 16:01:17.275  INFO 412 --- [           main] c.m.MisterburguerApplicationTest         : No active profile set, falling back to default profiles: default
2019-04-11 16:01:17.876  INFO 412 --- [           main] .s.d.r.c.RepositoryConfigurationDelegate : Bootstrapping Spring Data repositories in DEFAULT mode.
2019-04-11 16:01:17.984  INFO 412 --- [           main] .s.d.r.c.RepositoryConfigurationDelegate : Finished Spring Data repository scanning in 101ms. Found 3 repository interfaces.
2019-04-11 16:01:18.356  INFO 412 --- [           main] trationDelegate$BeanPostProcessorChecker : Bean 'org.springframework.transaction.annotation.ProxyTransactionManagementConfiguration' of type [org.springframework.transaction.annotation.ProxyTransactionManagementConfiguration$$EnhancerBySpringCGLIB$$21ffa0d5] is not eligible for getting processed by all BeanPostProcessors (for example: not eligible for auto-proxying)
2019-04-11 16:01:18.476  INFO 412 --- [           main] com.zaxxer.hikari.HikariDataSource       : HikariPool-1 - Starting...
2019-04-11 16:01:18.597  INFO 412 --- [           main] com.zaxxer.hikari.HikariDataSource       : HikariPool-1 - Start completed.
2019-04-11 16:01:18.833  INFO 412 --- [           main] o.hibernate.jpa.internal.util.LogHelper  : HHH000204: Processing PersistenceUnitInfo [
	name: default
	...]
2019-04-11 16:01:18.884  INFO 412 --- [           main] org.hibernate.Version                    : HHH000412: Hibernate Core {5.3.7.Final}
2019-04-11 16:01:18.885  INFO 412 --- [           main] org.hibernate.cfg.Environment            : HHH000206: hibernate.properties not found
2019-04-11 16:01:18.990  INFO 412 --- [           main] o.hibernate.annotations.common.Version   : HCANN000001: Hibernate Commons Annotations {5.0.4.Final}
2019-04-11 16:01:19.100  INFO 412 --- [           main] org.hibernate.dialect.Dialect            : HHH000400: Using dialect: org.hibernate.dialect.H2Dialect
2019-04-11 16:01:19.671  INFO 412 --- [           main] j.LocalContainerEntityManagerFactoryBean : Initialized JPA EntityManagerFactory for persistence unit 'default'
2019-04-11 16:01:20.074  WARN 412 --- [           main] aWebConfiguration$JpaWebMvcConfiguration : spring.jpa.open-in-view is enabled by default. Therefore, database queries may be performed during view rendering. Explicitly configure spring.jpa.open-in-view to disable this warning
2019-04-11 16:01:20.891  INFO 412 --- [           main] c.m.MisterburguerApplicationTest         : Started MisterburguerApplicationTest in 3.807 seconds (JVM running for 4.44)
[INFO] Tests run: 1, Failures: 0, Errors: 0, Skipped: 0, Time elapsed: 4.273 s - in com.misterburguer.MisterburguerApplicationTest
[INFO] Running com.misterburguer.infra.dto.LancheDTOTest
2019-04-11 16:01:20.955  INFO 412 --- [           main] o.s.t.c.s.DefaultTestContextBootstrapper : Loaded default TestExecutionListener class names from location [META-INF/spring.factories]: [org.springframework.boot.test.mock.mockito.MockitoTestExecutionListener, org.springframework.boot.test.mock.mockito.ResetMocksTestExecutionListener, org.springframework.boot.test.autoconfigure.restdocs.RestDocsTestExecutionListener, org.springframework.boot.test.autoconfigure.web.client.MockRestServiceServerResetTestExecutionListener, org.springframework.boot.test.autoconfigure.web.servlet.MockMvcPrintOnlyOnFailureTestExecutionListener, org.springframework.boot.test.autoconfigure.web.servlet.WebDriverTestExecutionListener, org.springframework.test.context.web.ServletTestExecutionListener, org.springframework.test.context.support.DirtiesContextBeforeModesTestExecutionListener, org.springframework.test.context.support.DependencyInjectionTestExecutionListener, org.springframework.test.context.support.DirtiesContextTestExecutionListener, org.springframework.test.context.transaction.TransactionalTestExecutionListener, org.springframework.test.context.jdbc.SqlScriptsTestExecutionListener]
2019-04-11 16:01:20.955  INFO 412 --- [           main] o.s.t.c.s.DefaultTestContextBootstrapper : Using TestExecutionListeners: [org.springframework.test.context.web.ServletTestExecutionListener@78545d40, org.springframework.test.context.support.DirtiesContextBeforeModesTestExecutionListener@34549979, org.springframework.boot.test.mock.mockito.MockitoTestExecutionListener@144a5e6e, org.springframework.test.context.support.DependencyInjectionTestExecutionListener@2707c790, org.springframework.test.context.support.DirtiesContextTestExecutionListener@7de3206d, org.springframework.test.context.transaction.TransactionalTestExecutionListener@6dece1f9, org.springframework.test.context.jdbc.SqlScriptsTestExecutionListener@2b936b04, org.springframework.boot.test.mock.mockito.ResetMocksTestExecutionListener@32b112a1, org.springframework.boot.test.autoconfigure.restdocs.RestDocsTestExecutionListener@5635bcd2, org.springframework.boot.test.autoconfigure.web.client.MockRestServiceServerResetTestExecutionListener@5c5c7cc4, org.springframework.boot.test.autoconfigure.web.servlet.MockMvcPrintOnlyOnFailureTestExecutionListener@6c27e700, org.springframework.boot.test.autoconfigure.web.servlet.WebDriverTestExecutionListener@56b9d43f]
[INFO] Tests run: 2, Failures: 0, Errors: 0, Skipped: 0, Time elapsed: 0.014 s - in com.misterburguer.infra.dto.LancheDTOTest
[INFO] Running com.misterburguer.infra.dto.CalculoPedidoDTOTest
2019-04-11 16:01:20.996  INFO 412 --- [           main] o.s.t.c.s.DefaultTestContextBootstrapper : Loaded default TestExecutionListener class names from location [META-INF/spring.factories]: [org.springframework.boot.test.mock.mockito.MockitoTestExecutionListener, org.springframework.boot.test.mock.mockito.ResetMocksTestExecutionListener, org.springframework.boot.test.autoconfigure.restdocs.RestDocsTestExecutionListener, org.springframework.boot.test.autoconfigure.web.client.MockRestServiceServerResetTestExecutionListener, org.springframework.boot.test.autoconfigure.web.servlet.MockMvcPrintOnlyOnFailureTestExecutionListener, org.springframework.boot.test.autoconfigure.web.servlet.WebDriverTestExecutionListener, org.springframework.test.context.web.ServletTestExecutionListener, org.springframework.test.context.support.DirtiesContextBeforeModesTestExecutionListener, org.springframework.test.context.support.DependencyInjectionTestExecutionListener, org.springframework.test.context.support.DirtiesContextTestExecutionListener, org.springframework.test.context.transaction.TransactionalTestExecutionListener, org.springframework.test.context.jdbc.SqlScriptsTestExecutionListener]
2019-04-11 16:01:20.997  INFO 412 --- [           main] o.s.t.c.s.DefaultTestContextBootstrapper : Using TestExecutionListeners: [org.springframework.test.context.web.ServletTestExecutionListener@1d1c37d5, org.springframework.test.context.support.DirtiesContextBeforeModesTestExecutionListener@63553e9f, org.springframework.boot.test.mock.mockito.MockitoTestExecutionListener@218df7d6, org.springframework.test.context.support.DependencyInjectionTestExecutionListener@295b07e0, org.springframework.test.context.support.DirtiesContextTestExecutionListener@55053f81, org.springframework.test.context.transaction.TransactionalTestExecutionListener@1fee4278, org.springframework.test.context.jdbc.SqlScriptsTestExecutionListener@51132514, org.springframework.boot.test.mock.mockito.ResetMocksTestExecutionListener@20864cd1, org.springframework.boot.test.autoconfigure.restdocs.RestDocsTestExecutionListener@5c839677, org.springframework.boot.test.autoconfigure.web.client.MockRestServiceServerResetTestExecutionListener@3193e21d, org.springframework.boot.test.autoconfigure.web.servlet.MockMvcPrintOnlyOnFailureTestExecutionListener@79604abe, org.springframework.boot.test.autoconfigure.web.servlet.WebDriverTestExecutionListener@6b126187]
[INFO] Tests run: 2, Failures: 0, Errors: 0, Skipped: 0, Time elapsed: 0.002 s - in com.misterburguer.infra.dto.CalculoPedidoDTOTest
[INFO] Running com.misterburguer.application.service.impl.PromocaoServiceImplTest
2019-04-11 16:01:21.011  INFO 412 --- [           main] .b.t.c.SpringBootTestContextBootstrapper : Neither @ContextConfiguration nor @ContextHierarchy found for test class [com.misterburguer.application.service.impl.PromocaoServiceImplTest], using SpringBootContextLoader
2019-04-11 16:01:21.011  INFO 412 --- [           main] o.s.t.c.support.AbstractContextLoader    : Could not detect default resource locations for test class [com.misterburguer.application.service.impl.PromocaoServiceImplTest]: no resource found for suffixes {-context.xml, Context.groovy}.
2019-04-11 16:01:21.011  INFO 412 --- [           main] t.c.s.AnnotationConfigContextLoaderUtils : Could not detect default configuration classes for test class [com.misterburguer.application.service.impl.PromocaoServiceImplTest]: PromocaoServiceImplTest does not declare any static, non-private, non-final, nested classes annotated with @Configuration.
2019-04-11 16:01:21.024  INFO 412 --- [           main] .b.t.c.SpringBootTestContextBootstrapper : Found @SpringBootConfiguration com.misterburguer.MisterburguerApplication for test class com.misterburguer.application.service.impl.PromocaoServiceImplTest
2019-04-11 16:01:21.025  INFO 412 --- [           main] .b.t.c.SpringBootTestContextBootstrapper : Loaded default TestExecutionListener class names from location [META-INF/spring.factories]: [org.springframework.boot.test.mock.mockito.MockitoTestExecutionListener, org.springframework.boot.test.mock.mockito.ResetMocksTestExecutionListener, org.springframework.boot.test.autoconfigure.restdocs.RestDocsTestExecutionListener, org.springframework.boot.test.autoconfigure.web.client.MockRestServiceServerResetTestExecutionListener, org.springframework.boot.test.autoconfigure.web.servlet.MockMvcPrintOnlyOnFailureTestExecutionListener, org.springframework.boot.test.autoconfigure.web.servlet.WebDriverTestExecutionListener, org.springframework.test.context.web.ServletTestExecutionListener, org.springframework.test.context.support.DirtiesContextBeforeModesTestExecutionListener, org.springframework.test.context.support.DependencyInjectionTestExecutionListener, org.springframework.test.context.support.DirtiesContextTestExecutionListener, org.springframework.test.context.transaction.TransactionalTestExecutionListener, org.springframework.test.context.jdbc.SqlScriptsTestExecutionListener]
2019-04-11 16:01:21.026  INFO 412 --- [           main] .b.t.c.SpringBootTestContextBootstrapper : Using TestExecutionListeners: [org.springframework.test.context.web.ServletTestExecutionListener@71b0289b, org.springframework.test.context.support.DirtiesContextBeforeModesTestExecutionListener@42cc420b, org.springframework.boot.test.mock.mockito.MockitoTestExecutionListener@563172d3, org.springframework.boot.test.autoconfigure.SpringBootDependencyInjectionTestExecutionListener@5086623f, org.springframework.test.context.support.DirtiesContextTestExecutionListener@20027c44, org.springframework.test.context.transaction.TransactionalTestExecutionListener@7eae55, org.springframework.test.context.jdbc.SqlScriptsTestExecutionListener@5d84e363, org.springframework.boot.test.mock.mockito.ResetMocksTestExecutionListener@3ef0e576, org.springframework.boot.test.autoconfigure.restdocs.RestDocsTestExecutionListener@da34eb0, org.springframework.boot.test.autoconfigure.web.client.MockRestServiceServerResetTestExecutionListener@785a4557, org.springframework.boot.test.autoconfigure.web.servlet.MockMvcPrintOnlyOnFailureTestExecutionListener@2bf3ec4, org.springframework.boot.test.autoconfigure.web.servlet.WebDriverTestExecutionListener@3b5da0b0]
2019-04-11 16:01:21.071  INFO 412 --- [           main] o.h.h.i.QueryTranslatorFactoryInitiator  : HHH000397: Using ASTQueryTranslatorFactory
[INFO] Tests run: 9, Failures: 0, Errors: 0, Skipped: 0, Time elapsed: 0.412 s - in com.misterburguer.application.service.impl.PromocaoServiceImplTest
[INFO] Running com.misterburguer.application.service.impl.IngredienteServiceImplTest
2019-04-11 16:01:21.430  INFO 412 --- [           main] .b.t.c.SpringBootTestContextBootstrapper : Neither @ContextConfiguration nor @ContextHierarchy found for test class [com.misterburguer.application.service.impl.IngredienteServiceImplTest], using SpringBootContextLoader
2019-04-11 16:01:21.431  INFO 412 --- [           main] o.s.t.c.support.AbstractContextLoader    : Could not detect default resource locations for test class [com.misterburguer.application.service.impl.IngredienteServiceImplTest]: no resource found for suffixes {-context.xml, Context.groovy}.
2019-04-11 16:01:21.431  INFO 412 --- [           main] t.c.s.AnnotationConfigContextLoaderUtils : Could not detect default configuration classes for test class [com.misterburguer.application.service.impl.IngredienteServiceImplTest]: IngredienteServiceImplTest does not declare any static, non-private, non-final, nested classes annotated with @Configuration.
2019-04-11 16:01:21.432  INFO 412 --- [           main] .b.t.c.SpringBootTestContextBootstrapper : Found @SpringBootConfiguration com.misterburguer.MisterburguerApplication for test class com.misterburguer.application.service.impl.IngredienteServiceImplTest
2019-04-11 16:01:21.433  INFO 412 --- [           main] .b.t.c.SpringBootTestContextBootstrapper : Loaded default TestExecutionListener class names from location [META-INF/spring.factories]: [org.springframework.boot.test.mock.mockito.MockitoTestExecutionListener, org.springframework.boot.test.mock.mockito.ResetMocksTestExecutionListener, org.springframework.boot.test.autoconfigure.restdocs.RestDocsTestExecutionListener, org.springframework.boot.test.autoconfigure.web.client.MockRestServiceServerResetTestExecutionListener, org.springframework.boot.test.autoconfigure.web.servlet.MockMvcPrintOnlyOnFailureTestExecutionListener, org.springframework.boot.test.autoconfigure.web.servlet.WebDriverTestExecutionListener, org.springframework.test.context.web.ServletTestExecutionListener, org.springframework.test.context.support.DirtiesContextBeforeModesTestExecutionListener, org.springframework.test.context.support.DependencyInjectionTestExecutionListener, org.springframework.test.context.support.DirtiesContextTestExecutionListener, org.springframework.test.context.transaction.TransactionalTestExecutionListener, org.springframework.test.context.jdbc.SqlScriptsTestExecutionListener]
2019-04-11 16:01:21.434  INFO 412 --- [           main] .b.t.c.SpringBootTestContextBootstrapper : Using TestExecutionListeners: [org.springframework.test.context.web.ServletTestExecutionListener@336e3be2, org.springframework.test.context.support.DirtiesContextBeforeModesTestExecutionListener@126a9a3d, org.springframework.boot.test.mock.mockito.MockitoTestExecutionListener@7db47323, org.springframework.boot.test.autoconfigure.SpringBootDependencyInjectionTestExecutionListener@5529522f, org.springframework.test.context.support.DirtiesContextTestExecutionListener@175ac243, org.springframework.test.context.transaction.TransactionalTestExecutionListener@51a719e7, org.springframework.test.context.jdbc.SqlScriptsTestExecutionListener@fd4459b, org.springframework.boot.test.mock.mockito.ResetMocksTestExecutionListener@1073c664, org.springframework.boot.test.autoconfigure.restdocs.RestDocsTestExecutionListener@517a46f3, org.springframework.boot.test.autoconfigure.web.client.MockRestServiceServerResetTestExecutionListener@38fb151a, org.springframework.boot.test.autoconfigure.web.servlet.MockMvcPrintOnlyOnFailureTestExecutionListener@152e7703, org.springframework.boot.test.autoconfigure.web.servlet.WebDriverTestExecutionListener@1b60d324]
[INFO] Tests run: 9, Failures: 0, Errors: 0, Skipped: 0, Time elapsed: 0.058 s - in com.misterburguer.application.service.impl.IngredienteServiceImplTest
[INFO] Running com.misterburguer.application.service.impl.PedidoServiceImplTest
2019-04-11 16:01:21.499  INFO 412 --- [           main] .b.t.c.SpringBootTestContextBootstrapper : Neither @ContextConfiguration nor @ContextHierarchy found for test class [com.misterburguer.application.service.impl.PedidoServiceImplTest], using SpringBootContextLoader
2019-04-11 16:01:21.500  INFO 412 --- [           main] o.s.t.c.support.AbstractContextLoader    : Could not detect default resource locations for test class [com.misterburguer.application.service.impl.PedidoServiceImplTest]: no resource found for suffixes {-context.xml, Context.groovy}.
2019-04-11 16:01:21.500  INFO 412 --- [           main] t.c.s.AnnotationConfigContextLoaderUtils : Could not detect default configuration classes for test class [com.misterburguer.application.service.impl.PedidoServiceImplTest]: PedidoServiceImplTest does not declare any static, non-private, non-final, nested classes annotated with @Configuration.
2019-04-11 16:01:21.501  INFO 412 --- [           main] .b.t.c.SpringBootTestContextBootstrapper : Found @SpringBootConfiguration com.misterburguer.MisterburguerApplication for test class com.misterburguer.application.service.impl.PedidoServiceImplTest
2019-04-11 16:01:21.503  INFO 412 --- [           main] .b.t.c.SpringBootTestContextBootstrapper : Loaded default TestExecutionListener class names from location [META-INF/spring.factories]: [org.springframework.boot.test.mock.mockito.MockitoTestExecutionListener, org.springframework.boot.test.mock.mockito.ResetMocksTestExecutionListener, org.springframework.boot.test.autoconfigure.restdocs.RestDocsTestExecutionListener, org.springframework.boot.test.autoconfigure.web.client.MockRestServiceServerResetTestExecutionListener, org.springframework.boot.test.autoconfigure.web.servlet.MockMvcPrintOnlyOnFailureTestExecutionListener, org.springframework.boot.test.autoconfigure.web.servlet.WebDriverTestExecutionListener, org.springframework.test.context.web.ServletTestExecutionListener, org.springframework.test.context.support.DirtiesContextBeforeModesTestExecutionListener, org.springframework.test.context.support.DependencyInjectionTestExecutionListener, org.springframework.test.context.support.DirtiesContextTestExecutionListener, org.springframework.test.context.transaction.TransactionalTestExecutionListener, org.springframework.test.context.jdbc.SqlScriptsTestExecutionListener]
2019-04-11 16:01:21.503  INFO 412 --- [           main] .b.t.c.SpringBootTestContextBootstrapper : Using TestExecutionListeners: [org.springframework.test.context.web.ServletTestExecutionListener@5d96d434, org.springframework.test.context.support.DirtiesContextBeforeModesTestExecutionListener@7283877, org.springframework.boot.test.mock.mockito.MockitoTestExecutionListener@286a4c52, org.springframework.boot.test.autoconfigure.SpringBootDependencyInjectionTestExecutionListener@13dd7887, org.springframework.test.context.support.DirtiesContextTestExecutionListener@780129bc, org.springframework.test.context.transaction.TransactionalTestExecutionListener@3e2c4d4b, org.springframework.test.context.jdbc.SqlScriptsTestExecutionListener@44de8e00, org.springframework.boot.test.mock.mockito.ResetMocksTestExecutionListener@3cbfdf5c, org.springframework.boot.test.autoconfigure.restdocs.RestDocsTestExecutionListener@4d825dbe, org.springframework.boot.test.autoconfigure.web.client.MockRestServiceServerResetTestExecutionListener@11180750, org.springframework.boot.test.autoconfigure.web.servlet.MockMvcPrintOnlyOnFailureTestExecutionListener@210635fd, org.springframework.boot.test.autoconfigure.web.servlet.WebDriverTestExecutionListener@63814bbe]
[INFO] Tests run: 9, Failures: 0, Errors: 0, Skipped: 0, Time elapsed: 0.089 s - in com.misterburguer.application.service.impl.PedidoServiceImplTest
2019-04-11 16:01:21.603  INFO 412 --- [       Thread-3] j.LocalContainerEntityManagerFactoryBean : Closing JPA EntityManagerFactory for persistence unit 'default'
2019-04-11 16:01:21.605  INFO 412 --- [       Thread-3] com.zaxxer.hikari.HikariDataSource       : HikariPool-1 - Shutdown initiated...
2019-04-11 16:01:21.607  INFO 412 --- [       Thread-3] com.zaxxer.hikari.HikariDataSource       : HikariPool-1 - Shutdown completed.
[INFO] 
[INFO] Results:
[INFO] 
[INFO] Tests run: 32, Failures: 0, Errors: 0, Skipped: 0
[INFO] 
[INFO] ------------------------------------------------------------------------
[INFO] BUILD SUCCESS
[INFO] ------------------------------------------------------------------------
[INFO] Total time: 7.198 s
[INFO] Finished at: 2019-04-11T16:01:21+00:00
[INFO] Final Memory: 24M/395M
[INFO] ------------------------------------------------------------------------
Finished: SUCCESS
