Started by an SCM change
Building in workspace /var/jenkins_home/workspace/BuildTest
using credential c36ebc64-c2a9-4070-b98f-8ee152d3afeb
 > git rev-parse --is-inside-work-tree # timeout=10
Fetching changes from the remote Git repository
 > git config remote.origin.url https://github.com/darian-beluzzo/mister-burguer.git # timeout=10
Fetching upstream changes from https://github.com/darian-beluzzo/mister-burguer.git
 > git --version # timeout=10
using GIT_ASKPASS to set credentials 
 > git fetch --tags --progress https://github.com/darian-beluzzo/mister-burguer.git +refs/heads/*:refs/remotes/origin/*
 > git rev-parse refs/remotes/origin/master^{commit} # timeout=10
 > git rev-parse refs/remotes/origin/origin/master^{commit} # timeout=10
Checking out Revision 28330801fc88119cd3d68a6043390c28567fecf4 (refs/remotes/origin/master)
 > git config core.sparsecheckout # timeout=10
 > git checkout -f 28330801fc88119cd3d68a6043390c28567fecf4
Commit message: "Update README.md"
 > git rev-list --no-walk a6e0e06103fd95ab1df706c0a144044a8683f247 # timeout=10
[BuildTest] $ /bin/sh -xe /tmp/jenkins8564688510962616456.sh
+ cd api
+ mvn test
[INFO] Scanning for projects...
[INFO]                                                                         
[INFO] ------------------------------------------------------------------------
[INFO] Building misterburguer 0.0.1-SNAPSHOT
[INFO] ------------------------------------------------------------------------
[INFO] 
[INFO] --- maven-resources-plugin:3.1.0:resources (default-resources) @ misterburguer ---
[INFO] Using 'UTF-8' encoding to copy filtered resources.
[INFO] Copying 1 resource
[INFO] Copying 2 resources
[INFO] 
[INFO] --- maven-compiler-plugin:3.8.0:compile (default-compile) @ misterburguer ---
[INFO] Nothing to compile - all classes are up to date
[INFO] 
[INFO] --- maven-resources-plugin:3.1.0:testResources (default-testResources) @ misterburguer ---
[INFO] Using 'UTF-8' encoding to copy filtered resources.
[INFO] Copying 2 resources
[INFO] 
[INFO] --- maven-compiler-plugin:3.8.0:testCompile (default-testCompile) @ misterburguer ---
[INFO] Nothing to compile - all classes are up to date
[INFO] 
[INFO] --- maven-surefire-plugin:2.22.1:test (default-test) @ misterburguer ---
[INFO] 
[INFO] -------------------------------------------------------
[INFO]  T E S T S
[INFO] -------------------------------------------------------
[INFO] Running com.misterburguer.MisterburguerApplicationTest
13:33:14.583 [main] DEBUG org.springframework.test.context.junit4.SpringJUnit4ClassRunner - SpringJUnit4ClassRunner constructor called with [class com.misterburguer.MisterburguerApplicationTest]
13:33:14.588 [main] DEBUG org.springframework.test.context.BootstrapUtils - Instantiating CacheAwareContextLoaderDelegate from class [org.springframework.test.context.cache.DefaultCacheAwareContextLoaderDelegate]
13:33:14.594 [main] DEBUG org.springframework.test.context.BootstrapUtils - Instantiating BootstrapContext using constructor [public org.springframework.test.context.support.DefaultBootstrapContext(java.lang.Class,org.springframework.test.context.CacheAwareContextLoaderDelegate)]
13:33:14.615 [main] DEBUG org.springframework.test.context.BootstrapUtils - Instantiating TestContextBootstrapper for test class [com.misterburguer.MisterburguerApplicationTest] from class [org.springframework.boot.test.context.SpringBootTestContextBootstrapper]
13:33:14.629 [main] INFO org.springframework.boot.test.context.SpringBootTestContextBootstrapper - Neither @ContextConfiguration nor @ContextHierarchy found for test class [com.misterburguer.MisterburguerApplicationTest], using SpringBootContextLoader
13:33:14.632 [main] DEBUG org.springframework.test.context.support.AbstractContextLoader - Did not detect default resource location for test class [com.misterburguer.MisterburguerApplicationTest]: class path resource [com/misterburguer/MisterburguerApplicationTest-context.xml] does not exist
13:33:14.632 [main] DEBUG org.springframework.test.context.support.AbstractContextLoader - Did not detect default resource location for test class [com.misterburguer.MisterburguerApplicationTest]: class path resource [com/misterburguer/MisterburguerApplicationTestContext.groovy] does not exist
13:33:14.632 [main] INFO org.springframework.test.context.support.AbstractContextLoader - Could not detect default resource locations for test class [com.misterburguer.MisterburguerApplicationTest]: no resource found for suffixes {-context.xml, Context.groovy}.
13:33:14.633 [main] INFO org.springframework.test.context.support.AnnotationConfigContextLoaderUtils - Could not detect default configuration classes for test class [com.misterburguer.MisterburguerApplicationTest]: MisterburguerApplicationTest does not declare any static, non-private, non-final, nested classes annotated with @Configuration.
13:33:14.669 [main] DEBUG org.springframework.test.context.support.ActiveProfilesUtils - Could not find an 'annotation declaring class' for annotation type [org.springframework.test.context.ActiveProfiles] and class [com.misterburguer.MisterburguerApplicationTest]
13:33:14.747 [main] DEBUG org.springframework.context.annotation.ClassPathScanningCandidateComponentProvider - Identified candidate component class: file [/var/jenkins_home/workspace/BuildTest/api/target/classes/com/misterburguer/MisterburguerApplication.class]
13:33:14.751 [main] INFO org.springframework.boot.test.context.SpringBootTestContextBootstrapper - Found @SpringBootConfiguration com.misterburguer.MisterburguerApplication for test class com.misterburguer.MisterburguerApplicationTest
13:33:14.837 [main] DEBUG org.springframework.boot.test.context.SpringBootTestContextBootstrapper - @TestExecutionListeners is not present for class [com.misterburguer.MisterburguerApplicationTest]: using defaults.
13:33:14.838 [main] INFO org.springframework.boot.test.context.SpringBootTestContextBootstrapper - Loaded default TestExecutionListener class names from location [META-INF/spring.factories]: [org.springframework.boot.test.mock.mockito.MockitoTestExecutionListener, org.springframework.boot.test.mock.mockito.ResetMocksTestExecutionListener, org.springframework.boot.test.autoconfigure.restdocs.RestDocsTestExecutionListener, org.springframework.boot.test.autoconfigure.web.client.MockRestServiceServerResetTestExecutionListener, org.springframework.boot.test.autoconfigure.web.servlet.MockMvcPrintOnlyOnFailureTestExecutionListener, org.springframework.boot.test.autoconfigure.web.servlet.WebDriverTestExecutionListener, org.springframework.test.context.web.ServletTestExecutionListener, org.springframework.test.context.support.DirtiesContextBeforeModesTestExecutionListener, org.springframework.test.context.support.DependencyInjectionTestExecutionListener, org.springframework.test.context.support.DirtiesContextTestExecutionListener, org.springframework.test.context.transaction.TransactionalTestExecutionListener, org.springframework.test.context.jdbc.SqlScriptsTestExecutionListener]
13:33:14.852 [main] INFO org.springframework.boot.test.context.SpringBootTestContextBootstrapper - Using TestExecutionListeners: [org.springframework.test.context.web.ServletTestExecutionListener@3bb9a3ff, org.springframework.test.context.support.DirtiesContextBeforeModesTestExecutionListener@661972b0, org.springframework.boot.test.mock.mockito.MockitoTestExecutionListener@5af3afd9, org.springframework.boot.test.autoconfigure.SpringBootDependencyInjectionTestExecutionListener@323b36e0, org.springframework.test.context.support.DirtiesContextTestExecutionListener@44ebcd03, org.springframework.test.context.transaction.TransactionalTestExecutionListener@694abbdc, org.springframework.test.context.jdbc.SqlScriptsTestExecutionListener@2e005c4b, org.springframework.boot.test.mock.mockito.ResetMocksTestExecutionListener@4567f35d, org.springframework.boot.test.autoconfigure.restdocs.RestDocsTestExecutionListener@5ffead27, org.springframework.boot.test.autoconfigure.web.client.MockRestServiceServerResetTestExecutionListener@6356695f, org.springframework.boot.test.autoconfigure.web.servlet.MockMvcPrintOnlyOnFailureTestExecutionListener@4f18837a, org.springframework.boot.test.autoconfigure.web.servlet.WebDriverTestExecutionListener@359f7cdf]
13:33:14.853 [main] DEBUG org.springframework.test.annotation.ProfileValueUtils - Retrieved @ProfileValueSourceConfiguration [null] for test class [com.misterburguer.MisterburguerApplicationTest]
13:33:14.854 [main] DEBUG org.springframework.test.annotation.ProfileValueUtils - Retrieved ProfileValueSource type [class org.springframework.test.annotation.SystemProfileValueSource] for class [com.misterburguer.MisterburguerApplicationTest]
13:33:14.855 [main] DEBUG org.springframework.test.annotation.ProfileValueUtils - Retrieved @ProfileValueSourceConfiguration [null] for test class [com.misterburguer.MisterburguerApplicationTest]
13:33:14.855 [main] DEBUG org.springframework.test.annotation.ProfileValueUtils - Retrieved ProfileValueSource type [class org.springframework.test.annotation.SystemProfileValueSource] for class [com.misterburguer.MisterburguerApplicationTest]
13:33:14.855 [main] DEBUG org.springframework.test.annotation.ProfileValueUtils - Retrieved @ProfileValueSourceConfiguration [null] for test class [com.misterburguer.MisterburguerApplicationTest]
13:33:14.855 [main] DEBUG org.springframework.test.annotation.ProfileValueUtils - Retrieved ProfileValueSource type [class org.springframework.test.annotation.SystemProfileValueSource] for class [com.misterburguer.MisterburguerApplicationTest]
13:33:14.859 [main] DEBUG org.springframework.test.context.support.AbstractDirtiesContextTestExecutionListener - Before test class: context [DefaultTestContext@595b007d testClass = MisterburguerApplicationTest, testInstance = [null], testMethod = [null], testException = [null], mergedContextConfiguration = [WebMergedContextConfiguration@72d1ad2e testClass = MisterburguerApplicationTest, locations = '{}', classes = '{class com.misterburguer.MisterburguerApplication}', contextInitializerClasses = '[]', activeProfiles = '{}', propertySourceLocations = '{}', propertySourceProperties = '{org.springframework.boot.test.context.SpringBootTestContextBootstrapper=true}', contextCustomizers = set[org.springframework.boot.test.context.filter.ExcludeFilterContextCustomizer@4232c52b, org.springframework.boot.test.json.DuplicateJsonObjectContextCustomizerFactory$DuplicateJsonObjectContextCustomizer@458c1321, org.springframework.boot.test.mock.mockito.MockitoContextCustomizer@0, org.springframework.boot.test.web.client.TestRestTemplateContextCustomizer@2173f6d9, org.springframework.boot.test.autoconfigure.properties.PropertyMappingContextCustomizer@0, org.springframework.boot.test.autoconfigure.web.servlet.WebDriverContextCustomizerFactory$Customizer@687080dc], resourceBasePath = 'src/main/webapp', contextLoader = 'org.springframework.boot.test.context.SpringBootContextLoader', parent = [null]], attributes = map['org.springframework.test.context.web.ServletTestExecutionListener.activateListener' -> true]], class annotated with @DirtiesContext [false] with mode [null].
13:33:14.859 [main] DEBUG org.springframework.test.annotation.ProfileValueUtils - Retrieved @ProfileValueSourceConfiguration [null] for test class [com.misterburguer.MisterburguerApplicationTest]
13:33:14.859 [main] DEBUG org.springframework.test.annotation.ProfileValueUtils - Retrieved ProfileValueSource type [class org.springframework.test.annotation.SystemProfileValueSource] for class [com.misterburguer.MisterburguerApplicationTest]
13:33:14.879 [main] DEBUG org.springframework.test.context.support.TestPropertySourceUtils - Adding inlined properties to environment: {spring.jmx.enabled=false, org.springframework.boot.test.context.SpringBootTestContextBootstrapper=true, server.port=-1}

  .   ____          _            __ _ _
 /\\ / ___'_ __ _ _(_)_ __  __ _ \ \ \ \
( ( )\___ | '_ | '_| | '_ \/ _` | \ \ \ \
 \\/  ___)| |_)| | | | | || (_| |  ) ) ) )
  '  |____| .__|_| |_|_| |_\__, | / / / /
 =========|_|==============|___/=/_/_/_/
 :: Spring Boot ::        (v2.1.3.RELEASE)

2019-04-11 13:33:15.156  INFO 1077 --- [           main] c.m.MisterburguerApplicationTest         : Starting MisterburguerApplicationTest on a6fe9d7435ef with PID 1077 (started by root in /var/jenkins_home/workspace/BuildTest/api)
2019-04-11 13:33:15.159  INFO 1077 --- [           main] c.m.MisterburguerApplicationTest         : No active profile set, falling back to default profiles: default
2019-04-11 13:33:16.122  INFO 1077 --- [           main] .s.d.r.c.RepositoryConfigurationDelegate : Bootstrapping Spring Data repositories in DEFAULT mode.
2019-04-11 13:33:16.256  INFO 1077 --- [           main] .s.d.r.c.RepositoryConfigurationDelegate : Finished Spring Data repository scanning in 125ms. Found 3 repository interfaces.
2019-04-11 13:33:16.750  INFO 1077 --- [           main] trationDelegate$BeanPostProcessorChecker : Bean 'org.springframework.transaction.annotation.ProxyTransactionManagementConfiguration' of type [org.springframework.transaction.annotation.ProxyTransactionManagementConfiguration$$EnhancerBySpringCGLIB$$1e0802f7] is not eligible for getting processed by all BeanPostProcessors (for example: not eligible for auto-proxying)
2019-04-11 13:33:16.884  INFO 1077 --- [           main] com.zaxxer.hikari.HikariDataSource       : HikariPool-1 - Starting...
2019-04-11 13:33:17.021  INFO 1077 --- [           main] com.zaxxer.hikari.HikariDataSource       : HikariPool-1 - Start completed.
2019-04-11 13:33:17.277  INFO 1077 --- [           main] o.hibernate.jpa.internal.util.LogHelper  : HHH000204: Processing PersistenceUnitInfo [
	name: default
	...]
2019-04-11 13:33:17.352  INFO 1077 --- [           main] org.hibernate.Version                    : HHH000412: Hibernate Core {5.3.7.Final}
2019-04-11 13:33:17.353  INFO 1077 --- [           main] org.hibernate.cfg.Environment            : HHH000206: hibernate.properties not found
2019-04-11 13:33:17.476  INFO 1077 --- [           main] o.hibernate.annotations.common.Version   : HCANN000001: Hibernate Commons Annotations {5.0.4.Final}
2019-04-11 13:33:17.598  INFO 1077 --- [           main] org.hibernate.dialect.Dialect            : HHH000400: Using dialect: org.hibernate.dialect.H2Dialect
2019-04-11 13:33:18.214  INFO 1077 --- [           main] j.LocalContainerEntityManagerFactoryBean : Initialized JPA EntityManagerFactory for persistence unit 'default'
2019-04-11 13:33:18.695  WARN 1077 --- [           main] aWebConfiguration$JpaWebMvcConfiguration : spring.jpa.open-in-view is enabled by default. Therefore, database queries may be performed during view rendering. Explicitly configure spring.jpa.open-in-view to disable this warning
2019-04-11 13:33:19.625  INFO 1077 --- [           main] c.m.MisterburguerApplicationTest         : Started MisterburguerApplicationTest in 4.727 seconds (JVM running for 5.385)
[INFO] Tests run: 1, Failures: 0, Errors: 0, Skipped: 0, Time elapsed: 5.21 s - in com.misterburguer.MisterburguerApplicationTest
[INFO] Running com.misterburguer.infra.dto.LancheDTOTest
2019-04-11 13:33:19.687  INFO 1077 --- [           main] o.s.t.c.s.DefaultTestContextBootstrapper : Loaded default TestExecutionListener class names from location [META-INF/spring.factories]: [org.springframework.boot.test.mock.mockito.MockitoTestExecutionListener, org.springframework.boot.test.mock.mockito.ResetMocksTestExecutionListener, org.springframework.boot.test.autoconfigure.restdocs.RestDocsTestExecutionListener, org.springframework.boot.test.autoconfigure.web.client.MockRestServiceServerResetTestExecutionListener, org.springframework.boot.test.autoconfigure.web.servlet.MockMvcPrintOnlyOnFailureTestExecutionListener, org.springframework.boot.test.autoconfigure.web.servlet.WebDriverTestExecutionListener, org.springframework.test.context.web.ServletTestExecutionListener, org.springframework.test.context.support.DirtiesContextBeforeModesTestExecutionListener, org.springframework.test.context.support.DependencyInjectionTestExecutionListener, org.springframework.test.context.support.DirtiesContextTestExecutionListener, org.springframework.test.context.transaction.TransactionalTestExecutionListener, org.springframework.test.context.jdbc.SqlScriptsTestExecutionListener]
2019-04-11 13:33:19.687  INFO 1077 --- [           main] o.s.t.c.s.DefaultTestContextBootstrapper : Using TestExecutionListeners: [org.springframework.test.context.web.ServletTestExecutionListener@44abdb1f, org.springframework.test.context.support.DirtiesContextBeforeModesTestExecutionListener@62108cd3, org.springframework.boot.test.mock.mockito.MockitoTestExecutionListener@7cd1ec54, org.springframework.test.context.support.DependencyInjectionTestExecutionListener@77ab5214, org.springframework.test.context.support.DirtiesContextTestExecutionListener@6d420cdd, org.springframework.test.context.transaction.TransactionalTestExecutionListener@bd273b2, org.springframework.test.context.jdbc.SqlScriptsTestExecutionListener@78128dd0, org.springframework.boot.test.mock.mockito.ResetMocksTestExecutionListener@55044b34, org.springframework.boot.test.autoconfigure.restdocs.RestDocsTestExecutionListener@28dd81ad, org.springframework.boot.test.autoconfigure.web.client.MockRestServiceServerResetTestExecutionListener@300a38e7, org.springframework.boot.test.autoconfigure.web.servlet.MockMvcPrintOnlyOnFailureTestExecutionListener@5c9a4f3b, org.springframework.boot.test.autoconfigure.web.servlet.WebDriverTestExecutionListener@2bb0e277]
[INFO] Tests run: 2, Failures: 0, Errors: 0, Skipped: 0, Time elapsed: 0.016 s - in com.misterburguer.infra.dto.LancheDTOTest
[INFO] Running com.misterburguer.infra.dto.CalculoPedidoDTOTest
2019-04-11 13:33:19.734  INFO 1077 --- [           main] o.s.t.c.s.DefaultTestContextBootstrapper : Loaded default TestExecutionListener class names from location [META-INF/spring.factories]: [org.springframework.boot.test.mock.mockito.MockitoTestExecutionListener, org.springframework.boot.test.mock.mockito.ResetMocksTestExecutionListener, org.springframework.boot.test.autoconfigure.restdocs.RestDocsTestExecutionListener, org.springframework.boot.test.autoconfigure.web.client.MockRestServiceServerResetTestExecutionListener, org.springframework.boot.test.autoconfigure.web.servlet.MockMvcPrintOnlyOnFailureTestExecutionListener, org.springframework.boot.test.autoconfigure.web.servlet.WebDriverTestExecutionListener, org.springframework.test.context.web.ServletTestExecutionListener, org.springframework.test.context.support.DirtiesContextBeforeModesTestExecutionListener, org.springframework.test.context.support.DependencyInjectionTestExecutionListener, org.springframework.test.context.support.DirtiesContextTestExecutionListener, org.springframework.test.context.transaction.TransactionalTestExecutionListener, org.springframework.test.context.jdbc.SqlScriptsTestExecutionListener]
2019-04-11 13:33:19.734  INFO 1077 --- [           main] o.s.t.c.s.DefaultTestContextBootstrapper : Using TestExecutionListeners: [org.springframework.test.context.web.ServletTestExecutionListener@38a96593, org.springframework.test.context.support.DirtiesContextBeforeModesTestExecutionListener@5df64b2a, org.springframework.boot.test.mock.mockito.MockitoTestExecutionListener@7afb9c93, org.springframework.test.context.support.DependencyInjectionTestExecutionListener@30d15e4a, org.springframework.test.context.support.DirtiesContextTestExecutionListener@43a7203e, org.springframework.test.context.transaction.TransactionalTestExecutionListener@2c678c7b, org.springframework.test.context.jdbc.SqlScriptsTestExecutionListener@a5e8260, org.springframework.boot.test.mock.mockito.ResetMocksTestExecutionListener@30c7be6f, org.springframework.boot.test.autoconfigure.restdocs.RestDocsTestExecutionListener@4a9bce99, org.springframework.boot.test.autoconfigure.web.client.MockRestServiceServerResetTestExecutionListener@5a0f87e5, org.springframework.boot.test.autoconfigure.web.servlet.MockMvcPrintOnlyOnFailureTestExecutionListener@243c4346, org.springframework.boot.test.autoconfigure.web.servlet.WebDriverTestExecutionListener@2905b568]
[INFO] Tests run: 2, Failures: 0, Errors: 0, Skipped: 0, Time elapsed: 0.011 s - in com.misterburguer.infra.dto.CalculoPedidoDTOTest
[INFO] Running com.misterburguer.application.service.impl.PromocaoServiceImplTest
2019-04-11 13:33:19.749  INFO 1077 --- [           main] .b.t.c.SpringBootTestContextBootstrapper : Neither @ContextConfiguration nor @ContextHierarchy found for test class [com.misterburguer.application.service.impl.PromocaoServiceImplTest], using SpringBootContextLoader
2019-04-11 13:33:19.749  INFO 1077 --- [           main] o.s.t.c.support.AbstractContextLoader    : Could not detect default resource locations for test class [com.misterburguer.application.service.impl.PromocaoServiceImplTest]: no resource found for suffixes {-context.xml, Context.groovy}.
2019-04-11 13:33:19.750  INFO 1077 --- [           main] t.c.s.AnnotationConfigContextLoaderUtils : Could not detect default configuration classes for test class [com.misterburguer.application.service.impl.PromocaoServiceImplTest]: PromocaoServiceImplTest does not declare any static, non-private, non-final, nested classes annotated with @Configuration.
2019-04-11 13:33:19.767  INFO 1077 --- [           main] .b.t.c.SpringBootTestContextBootstrapper : Found @SpringBootConfiguration com.misterburguer.MisterburguerApplication for test class com.misterburguer.application.service.impl.PromocaoServiceImplTest
2019-04-11 13:33:19.768  INFO 1077 --- [           main] .b.t.c.SpringBootTestContextBootstrapper : Loaded default TestExecutionListener class names from location [META-INF/spring.factories]: [org.springframework.boot.test.mock.mockito.MockitoTestExecutionListener, org.springframework.boot.test.mock.mockito.ResetMocksTestExecutionListener, org.springframework.boot.test.autoconfigure.restdocs.RestDocsTestExecutionListener, org.springframework.boot.test.autoconfigure.web.client.MockRestServiceServerResetTestExecutionListener, org.springframework.boot.test.autoconfigure.web.servlet.MockMvcPrintOnlyOnFailureTestExecutionListener, org.springframework.boot.test.autoconfigure.web.servlet.WebDriverTestExecutionListener, org.springframework.test.context.web.ServletTestExecutionListener, org.springframework.test.context.support.DirtiesContextBeforeModesTestExecutionListener, org.springframework.test.context.support.DependencyInjectionTestExecutionListener, org.springframework.test.context.support.DirtiesContextTestExecutionListener, org.springframework.test.context.transaction.TransactionalTestExecutionListener, org.springframework.test.context.jdbc.SqlScriptsTestExecutionListener]
2019-04-11 13:33:19.769  INFO 1077 --- [           main] .b.t.c.SpringBootTestContextBootstrapper : Using TestExecutionListeners: [org.springframework.test.context.web.ServletTestExecutionListener@3e753289, org.springframework.test.context.support.DirtiesContextBeforeModesTestExecutionListener@1573e8a5, org.springframework.boot.test.mock.mockito.MockitoTestExecutionListener@38022758, org.springframework.boot.test.autoconfigure.SpringBootDependencyInjectionTestExecutionListener@69f9b561, org.springframework.test.context.support.DirtiesContextTestExecutionListener@7e8f23ad, org.springframework.test.context.transaction.TransactionalTestExecutionListener@7433ca19, org.springframework.test.context.jdbc.SqlScriptsTestExecutionListener@5d221b20, org.springframework.boot.test.mock.mockito.ResetMocksTestExecutionListener@79d4ff58, org.springframework.boot.test.autoconfigure.restdocs.RestDocsTestExecutionListener@7ec13984, org.springframework.boot.test.autoconfigure.web.client.MockRestServiceServerResetTestExecutionListener@14485747, org.springframework.boot.test.autoconfigure.web.servlet.MockMvcPrintOnlyOnFailureTestExecutionListener@59fea5f5, org.springframework.boot.test.autoconfigure.web.servlet.WebDriverTestExecutionListener@78eafad]
2019-04-11 13:33:19.816  INFO 1077 --- [           main] o.h.h.i.QueryTranslatorFactoryInitiator  : HHH000397: Using ASTQueryTranslatorFactory
[INFO] Tests run: 9, Failures: 0, Errors: 0, Skipped: 0, Time elapsed: 0.373 s - in com.misterburguer.application.service.impl.PromocaoServiceImplTest
[INFO] Running com.misterburguer.application.service.impl.IngredienteServiceImplTest
2019-04-11 13:33:20.138  INFO 1077 --- [           main] .b.t.c.SpringBootTestContextBootstrapper : Neither @ContextConfiguration nor @ContextHierarchy found for test class [com.misterburguer.application.service.impl.IngredienteServiceImplTest], using SpringBootContextLoader
2019-04-11 13:33:20.138  INFO 1077 --- [           main] o.s.t.c.support.AbstractContextLoader    : Could not detect default resource locations for test class [com.misterburguer.application.service.impl.IngredienteServiceImplTest]: no resource found for suffixes {-context.xml, Context.groovy}.
2019-04-11 13:33:20.139  INFO 1077 --- [           main] t.c.s.AnnotationConfigContextLoaderUtils : Could not detect default configuration classes for test class [com.misterburguer.application.service.impl.IngredienteServiceImplTest]: IngredienteServiceImplTest does not declare any static, non-private, non-final, nested classes annotated with @Configuration.
2019-04-11 13:33:20.140  INFO 1077 --- [           main] .b.t.c.SpringBootTestContextBootstrapper : Found @SpringBootConfiguration com.misterburguer.MisterburguerApplication for test class com.misterburguer.application.service.impl.IngredienteServiceImplTest
2019-04-11 13:33:20.142  INFO 1077 --- [           main] .b.t.c.SpringBootTestContextBootstrapper : Loaded default TestExecutionListener class names from location [META-INF/spring.factories]: [org.springframework.boot.test.mock.mockito.MockitoTestExecutionListener, org.springframework.boot.test.mock.mockito.ResetMocksTestExecutionListener, org.springframework.boot.test.autoconfigure.restdocs.RestDocsTestExecutionListener, org.springframework.boot.test.autoconfigure.web.client.MockRestServiceServerResetTestExecutionListener, org.springframework.boot.test.autoconfigure.web.servlet.MockMvcPrintOnlyOnFailureTestExecutionListener, org.springframework.boot.test.autoconfigure.web.servlet.WebDriverTestExecutionListener, org.springframework.test.context.web.ServletTestExecutionListener, org.springframework.test.context.support.DirtiesContextBeforeModesTestExecutionListener, org.springframework.test.context.support.DependencyInjectionTestExecutionListener, org.springframework.test.context.support.DirtiesContextTestExecutionListener, org.springframework.test.context.transaction.TransactionalTestExecutionListener, org.springframework.test.context.jdbc.SqlScriptsTestExecutionListener]
2019-04-11 13:33:20.142  INFO 1077 --- [           main] .b.t.c.SpringBootTestContextBootstrapper : Using TestExecutionListeners: [org.springframework.test.context.web.ServletTestExecutionListener@3982206a, org.springframework.test.context.support.DirtiesContextBeforeModesTestExecutionListener@3e9fb485, org.springframework.boot.test.mock.mockito.MockitoTestExecutionListener@4f3fec43, org.springframework.boot.test.autoconfigure.SpringBootDependencyInjectionTestExecutionListener@38dbeb39, org.springframework.test.context.support.DirtiesContextTestExecutionListener@10f20d38, org.springframework.test.context.transaction.TransactionalTestExecutionListener@538aa83f, org.springframework.test.context.jdbc.SqlScriptsTestExecutionListener@63e70bf9, org.springframework.boot.test.mock.mockito.ResetMocksTestExecutionListener@402a69f, org.springframework.boot.test.autoconfigure.restdocs.RestDocsTestExecutionListener@419f0ea, org.springframework.boot.test.autoconfigure.web.client.MockRestServiceServerResetTestExecutionListener@2d47b06, org.springframework.boot.test.autoconfigure.web.servlet.MockMvcPrintOnlyOnFailureTestExecutionListener@59371066, org.springframework.boot.test.autoconfigure.web.servlet.WebDriverTestExecutionListener@48106381]
[INFO] Tests run: 9, Failures: 0, Errors: 0, Skipped: 0, Time elapsed: 0.059 s - in com.misterburguer.application.service.impl.IngredienteServiceImplTest
[INFO] Running com.misterburguer.application.service.impl.PedidoServiceImplTest
2019-04-11 13:33:20.201  INFO 1077 --- [           main] .b.t.c.SpringBootTestContextBootstrapper : Neither @ContextConfiguration nor @ContextHierarchy found for test class [com.misterburguer.application.service.impl.PedidoServiceImplTest], using SpringBootContextLoader
2019-04-11 13:33:20.201  INFO 1077 --- [           main] o.s.t.c.support.AbstractContextLoader    : Could not detect default resource locations for test class [com.misterburguer.application.service.impl.PedidoServiceImplTest]: no resource found for suffixes {-context.xml, Context.groovy}.
2019-04-11 13:33:20.201  INFO 1077 --- [           main] t.c.s.AnnotationConfigContextLoaderUtils : Could not detect default configuration classes for test class [com.misterburguer.application.service.impl.PedidoServiceImplTest]: PedidoServiceImplTest does not declare any static, non-private, non-final, nested classes annotated with @Configuration.
2019-04-11 13:33:20.202  INFO 1077 --- [           main] .b.t.c.SpringBootTestContextBootstrapper : Found @SpringBootConfiguration com.misterburguer.MisterburguerApplication for test class com.misterburguer.application.service.impl.PedidoServiceImplTest
2019-04-11 13:33:20.204  INFO 1077 --- [           main] .b.t.c.SpringBootTestContextBootstrapper : Loaded default TestExecutionListener class names from location [META-INF/spring.factories]: [org.springframework.boot.test.mock.mockito.MockitoTestExecutionListener, org.springframework.boot.test.mock.mockito.ResetMocksTestExecutionListener, org.springframework.boot.test.autoconfigure.restdocs.RestDocsTestExecutionListener, org.springframework.boot.test.autoconfigure.web.client.MockRestServiceServerResetTestExecutionListener, org.springframework.boot.test.autoconfigure.web.servlet.MockMvcPrintOnlyOnFailureTestExecutionListener, org.springframework.boot.test.autoconfigure.web.servlet.WebDriverTestExecutionListener, org.springframework.test.context.web.ServletTestExecutionListener, org.springframework.test.context.support.DirtiesContextBeforeModesTestExecutionListener, org.springframework.test.context.support.DependencyInjectionTestExecutionListener, org.springframework.test.context.support.DirtiesContextTestExecutionListener, org.springframework.test.context.transaction.TransactionalTestExecutionListener, org.springframework.test.context.jdbc.SqlScriptsTestExecutionListener]
2019-04-11 13:33:20.204  INFO 1077 --- [           main] .b.t.c.SpringBootTestContextBootstrapper : Using TestExecutionListeners: [org.springframework.test.context.web.ServletTestExecutionListener@324e8baa, org.springframework.test.context.support.DirtiesContextBeforeModesTestExecutionListener@1488a861, org.springframework.boot.test.mock.mockito.MockitoTestExecutionListener@604f376a, org.springframework.boot.test.autoconfigure.SpringBootDependencyInjectionTestExecutionListener@5432dca2, org.springframework.test.context.support.DirtiesContextTestExecutionListener@12670e55, org.springframework.test.context.transaction.TransactionalTestExecutionListener@43fd77d8, org.springframework.test.context.jdbc.SqlScriptsTestExecutionListener@5a90fcaa, org.springframework.boot.test.mock.mockito.ResetMocksTestExecutionListener@1805ec96, org.springframework.boot.test.autoconfigure.restdocs.RestDocsTestExecutionListener@32ba5c65, org.springframework.boot.test.autoconfigure.web.client.MockRestServiceServerResetTestExecutionListener@1ad1be5d, org.springframework.boot.test.autoconfigure.web.servlet.MockMvcPrintOnlyOnFailureTestExecutionListener@47797401, org.springframework.boot.test.autoconfigure.web.servlet.WebDriverTestExecutionListener@702f4124]
[INFO] Tests run: 9, Failures: 0, Errors: 0, Skipped: 0, Time elapsed: 0.094 s - in com.misterburguer.application.service.impl.PedidoServiceImplTest
2019-04-11 13:33:20.308  INFO 1077 --- [       Thread-3] j.LocalContainerEntityManagerFactoryBean : Closing JPA EntityManagerFactory for persistence unit 'default'
2019-04-11 13:33:20.310  INFO 1077 --- [       Thread-3] com.zaxxer.hikari.HikariDataSource       : HikariPool-1 - Shutdown initiated...
2019-04-11 13:33:20.312  INFO 1077 --- [       Thread-3] com.zaxxer.hikari.HikariDataSource       : HikariPool-1 - Shutdown completed.
[INFO] 
[INFO] Results:
[INFO] 
[INFO] Tests run: 32, Failures: 0, Errors: 0, Skipped: 0
[INFO] 
[INFO] ------------------------------------------------------------------------
[INFO] BUILD SUCCESS
[INFO] ------------------------------------------------------------------------
[INFO] Total time: 8.793 s
[INFO] Finished at: 2019-04-11T13:33:20+00:00
[INFO] Final Memory: 23M/309M
[INFO] ------------------------------------------------------------------------
Finished: SUCCESS
